2011-05-09 14:00:31 Notice: Notice (1024): Please change the value of 'Security.salt' in app/config/core.php to a salt value specific to your application in [/var/www/cakephp/cake/libs/debugger.php, line 684]
2011-05-09 14:00:31 Notice: Notice (1024): Please change the value of 'Security.cipherSeed' in app/config/core.php to a numeric (digits only) seed value specific to your application in [/var/www/cakephp/cake/libs/debugger.php, line 688]
2011-05-09 14:01:02 Notice: Notice (1024): Please change the value of 'Security.salt' in app/config/core.php to a salt value specific to your application in [/var/www/cakephp/cake/libs/debugger.php, line 684]
2011-05-09 14:01:02 Notice: Notice (1024): Please change the value of 'Security.cipherSeed' in app/config/core.php to a numeric (digits only) seed value specific to your application in [/var/www/cakephp/cake/libs/debugger.php, line 688]
2011-05-09 14:03:24 Notice: Notice (1024): Please change the value of 'Security.salt' in app/config/core.php to a salt value specific to your application in [/var/www/cakephp/cake/libs/debugger.php, line 684]
2011-05-09 14:03:24 Notice: Notice (1024): Please change the value of 'Security.cipherSeed' in app/config/core.php to a numeric (digits only) seed value specific to your application in [/var/www/cakephp/cake/libs/debugger.php, line 688]
2011-05-09 14:03:44 Notice: Notice (1024): Please change the value of 'Security.salt' in app/config/core.php to a salt value specific to your application in [/var/www/cakephp/cake/libs/debugger.php, line 684]
2011-05-09 14:03:44 Notice: Notice (1024): Please change the value of 'Security.cipherSeed' in app/config/core.php to a numeric (digits only) seed value specific to your application in [/var/www/cakephp/cake/libs/debugger.php, line 688]
2011-05-09 14:03:48 Notice: Notice (1024): Please change the value of 'Security.salt' in app/config/core.php to a salt value specific to your application in [/var/www/cakephp/cake/libs/debugger.php, line 684]
2011-05-09 14:03:48 Notice: Notice (1024): Please change the value of 'Security.cipherSeed' in app/config/core.php to a numeric (digits only) seed value specific to your application in [/var/www/cakephp/cake/libs/debugger.php, line 688]
2011-05-09 14:03:51 Notice: Notice (1024): Please change the value of 'Security.salt' in app/config/core.php to a salt value specific to your application in [/var/www/cakephp/cake/libs/debugger.php, line 684]
2011-05-09 14:03:51 Notice: Notice (1024): Please change the value of 'Security.cipherSeed' in app/config/core.php to a numeric (digits only) seed value specific to your application in [/var/www/cakephp/cake/libs/debugger.php, line 688]
2011-05-09 14:05:09 Notice: Notice (1024): Please change the value of 'Security.salt' in app/config/core.php to a salt value specific to your application in [/var/www/cakephp/cake/libs/debugger.php, line 684]
2011-05-09 14:05:09 Notice: Notice (1024): Please change the value of 'Security.cipherSeed' in app/config/core.php to a numeric (digits only) seed value specific to your application in [/var/www/cakephp/cake/libs/debugger.php, line 688]
2011-05-09 14:05:15 Notice: Notice (1024): Please change the value of 'Security.salt' in app/config/core.php to a salt value specific to your application in [/var/www/cakephp/cake/libs/debugger.php, line 684]
2011-05-09 14:05:15 Notice: Notice (1024): Please change the value of 'Security.cipherSeed' in app/config/core.php to a numeric (digits only) seed value specific to your application in [/var/www/cakephp/cake/libs/debugger.php, line 688]
2011-05-09 14:05:18 Notice: Notice (1024): Please change the value of 'Security.salt' in app/config/core.php to a salt value specific to your application in [/var/www/cakephp/cake/libs/debugger.php, line 684]
2011-05-09 14:05:18 Notice: Notice (1024): Please change the value of 'Security.cipherSeed' in app/config/core.php to a numeric (digits only) seed value specific to your application in [/var/www/cakephp/cake/libs/debugger.php, line 688]
2011-05-09 14:06:36 Notice: Notice (1024): Please change the value of 'Security.salt' in app/config/core.php to a salt value specific to your application in [/var/www/cakephp/cake/libs/debugger.php, line 684]
2011-05-09 14:06:36 Notice: Notice (1024): Please change the value of 'Security.cipherSeed' in app/config/core.php to a numeric (digits only) seed value specific to your application in [/var/www/cakephp/cake/libs/debugger.php, line 688]
2011-05-09 18:06:09 Notice: Notice (8): Undefined property: WallsController::$Post in [/var/www/cakephp/app/controllers/walls_controller.php, line 9]
2011-05-09 18:06:37 Notice: Notice (8): Undefined property: WallsController::$Walls in [/var/www/cakephp/app/controllers/walls_controller.php, line 9]
2011-05-09 18:13:16 Notice: Notice (8): Undefined property: WallsController::$Walls in [/var/www/cakephp/app/controllers/walls_controller.php, line 9]
2011-05-09 18:13:19 Notice: Notice (8): Undefined property: WallsController::$Walls in [/var/www/cakephp/app/controllers/walls_controller.php, line 9]
2011-05-09 18:13:53 Notice: Notice (8): Undefined property: WallsController::$Walls in [/var/www/cakephp/app/controllers/walls_controller.php, line 9]
2011-05-09 18:13:55 Notice: Notice (8): Undefined property: WallsController::$Walls in [/var/www/cakephp/app/controllers/walls_controller.php, line 9]
2011-05-09 18:13:56 Notice: Notice (8): Undefined property: WallsController::$Walls in [/var/www/cakephp/app/controllers/walls_controller.php, line 9]
2011-05-09 18:14:31 Notice: Notice (8): Undefined property: WallsController::$Walls in [/var/www/cakephp/app/controllers/walls_controller.php, line 9]
2011-05-09 18:14:32 Notice: Notice (8): Undefined property: WallsController::$Walls in [/var/www/cakephp/app/controllers/walls_controller.php, line 9]
2011-05-09 18:14:33 Notice: Notice (8): Undefined property: WallsController::$Walls in [/var/www/cakephp/app/controllers/walls_controller.php, line 9]
2011-05-09 18:14:33 Notice: Notice (8): Undefined property: WallsController::$Walls in [/var/www/cakephp/app/controllers/walls_controller.php, line 9]
2011-05-09 18:14:34 Notice: Notice (8): Undefined property: WallsController::$Walls in [/var/www/cakephp/app/controllers/walls_controller.php, line 9]
2011-05-09 18:14:34 Notice: Notice (8): Undefined property: WallsController::$Walls in [/var/www/cakephp/app/controllers/walls_controller.php, line 9]
2011-05-09 18:15:19 Notice: Notice (8): Undefined property: WallsController::$wall in [/var/www/cakephp/app/controllers/walls_controller.php, line 9]
2011-05-09 18:15:20 Notice: Notice (8): Undefined property: WallsController::$wall in [/var/www/cakephp/app/controllers/walls_controller.php, line 9]
2011-05-09 18:15:20 Notice: Notice (8): Undefined property: WallsController::$wall in [/var/www/cakephp/app/controllers/walls_controller.php, line 9]
2011-05-09 18:15:20 Notice: Notice (8): Undefined property: WallsController::$wall in [/var/www/cakephp/app/controllers/walls_controller.php, line 9]
2011-05-09 18:15:21 Notice: Notice (8): Undefined property: WallsController::$wall in [/var/www/cakephp/app/controllers/walls_controller.php, line 9]
2011-05-09 18:15:22 Notice: Notice (8): Undefined property: WallsController::$wall in [/var/www/cakephp/app/controllers/walls_controller.php, line 9]
2011-05-09 18:17:10 Notice: Notice (8): Undefined property: WallsController::$wall in [/var/www/cakephp/app/controllers/walls_controller.php, line 9]
2011-05-09 18:17:11 Notice: Notice (8): Undefined property: WallsController::$wall in [/var/www/cakephp/app/controllers/walls_controller.php, line 9]
2011-05-09 18:17:12 Notice: Notice (8): Undefined property: WallsController::$wall in [/var/www/cakephp/app/controllers/walls_controller.php, line 9]
2011-05-10 03:25:14 Notice: Notice (8): Undefined index: name in [/var/www/cakephp/app/controllers/walls_controller.php, line 32]
2011-05-10 03:25:14 Notice: Notice (8): Undefined index: size in [/var/www/cakephp/app/controllers/walls_controller.php, line 33]
2011-05-10 03:26:07 Notice: Notice (8): Undefined index: size in [/var/www/cakephp/app/controllers/walls_controller.php, line 33]
2011-05-10 03:28:26 Notice: Notice (8): Undefined index: size in [/var/www/cakephp/app/controllers/walls_controller.php, line 33]
2011-05-10 03:28:40 Notice: Notice (8): Undefined index: image in [/var/www/cakephp/app/controllers/walls_controller.php, line 24]
2011-05-10 03:29:11 Notice: Notice (8): Undefined index: image in [/var/www/cakephp/app/controllers/walls_controller.php, line 24]
2011-05-10 03:29:56 Notice: Notice (8): Undefined index: size in [/var/www/cakephp/app/controllers/walls_controller.php, line 33]
2011-05-10 03:30:08 Notice: Notice (8): Undefined index: size in [/var/www/cakephp/app/controllers/walls_controller.php, line 33]
2011-05-10 03:30:35 Notice: Notice (8): Undefined index: size in [/var/www/cakephp/app/controllers/walls_controller.php, line 33]
2011-05-10 03:35:14 Notice: Notice (8): Undefined index: size in [/var/www/cakephp/app/controllers/walls_controller.php, line 33]
2011-05-10 03:40:05 Notice: Notice (8): Undefined variable: original_filename in [/var/www/cakephp/app/controllers/walls_controller.php, line 39]
2011-05-11 00:22:53 Notice: Notice (8): Undefined index: orginal_filename in [/var/www/cakephp/app/views/walls/index.ctp, line 18]
2011-05-11 00:27:37 Notice: Notice (8): Undefined property: View::$Number in [/var/www/cakephp/app/views/walls/index.ctp, line 19]
2011-05-11 00:28:56 Notice: Notice (8): Undefined property: View::$Number in [/var/www/cakephp/app/views/walls/index.ctp, line 19]
2011-05-11 00:28:57 Notice: Notice (8): Undefined property: View::$Number in [/var/www/cakephp/app/views/walls/index.ctp, line 19]
2011-05-11 02:04:40 Notice: Notice (8): Undefined variable: wall in [/var/www/cakephp/app/views/walls/view.ctp, line 3]
2011-05-11 02:04:40 Notice: Notice (8): Undefined variable: wall in [/var/www/cakephp/app/views/walls/view.ctp, line 5]
2011-05-11 02:04:40 Notice: Notice (8): Undefined variable: wall in [/var/www/cakephp/app/views/walls/view.ctp, line 7]
2011-05-11 02:10:30 Notice: Notice (8): Undefined variable: id in [/var/www/cakephp/app/controllers/walls_controller.php, line 20]
2011-05-11 02:10:35 Notice: Notice (8): Undefined variable: id in [/var/www/cakephp/app/controllers/walls_controller.php, line 20]
2011-05-11 02:10:36 Notice: Notice (8): Undefined variable: id in [/var/www/cakephp/app/controllers/walls_controller.php, line 20]
2011-05-11 02:10:37 Notice: Notice (8): Undefined variable: id in [/var/www/cakephp/app/controllers/walls_controller.php, line 20]
2011-05-11 02:10:38 Notice: Notice (8): Undefined variable: id in [/var/www/cakephp/app/controllers/walls_controller.php, line 20]
2011-05-11 02:10:46 Notice: Notice (8): Undefined variable: id in [/var/www/cakephp/app/controllers/walls_controller.php, line 20]
2011-05-11 02:17:47 Notice: Notice (8): Undefined index: wall in [/var/www/cakephp/app/controllers/walls_controller.php, line 21]
2011-05-11 02:17:55 Notice: Notice (8): Undefined index: wall in [/var/www/cakephp/app/controllers/walls_controller.php, line 21]
2011-05-11 02:18:00 Notice: Notice (8): Undefined index: wall in [/var/www/cakephp/app/controllers/walls_controller.php, line 21]
2011-05-11 02:18:02 Notice: Notice (8): Undefined index: wall in [/var/www/cakephp/app/controllers/walls_controller.php, line 21]
2011-05-11 21:37:21 Notice: Notice (8): Undefined variable: ratio in [/var/www/cakephp/app/controllers/walls_controller.php, line 81]
2011-05-11 21:38:49 Notice: Notice (8): Undefined variable: ratio in [/var/www/cakephp/app/controllers/walls_controller.php, line 81]
2011-05-14 00:26:01 Notice: Notice (8): Undefined index: size_x in [/var/www/cakephp/app/controllers/walls_controller.php, line 91]
2011-05-14 00:26:01 Notice: Notice (8): Undefined index: size_y in [/var/www/cakephp/app/controllers/walls_controller.php, line 91]
2011-05-14 00:26:01 Notice: Notice (8): Undefined index: size_x in [/var/www/cakephp/app/controllers/walls_controller.php, line 92]
2011-05-14 00:26:01 Notice: Notice (8): Undefined index: size_y in [/var/www/cakephp/app/controllers/walls_controller.php, line 93]
2011-05-14 00:35:20 Notice: Notice (8): Undefined variable: x in [/var/www/cakephp/app/controllers/walls_controller.php, line 96]
2011-05-14 00:35:20 Notice: Notice (8): Undefined variable: y in [/var/www/cakephp/app/controllers/walls_controller.php, line 96]
2011-05-14 01:31:35 Notice: Notice (8): Undefined index: md5 in [/var/www/cakephp/app/controllers/walls_controller.php, line 85]
2011-05-14 01:31:49 Notice: Notice (8): Undefined index: md5 in [/var/www/cakephp/app/controllers/walls_controller.php, line 85]
2011-05-14 01:46:34 Notice: Notice (8): Undefined index: md5 in [/var/www/cakephp/app/controllers/walls_controller.php, line 85]
2011-05-14 01:51:03 Notice: Notice (8): Undefined index: md5 in [/var/www/cakephp/app/controllers/walls_controller.php, line 86]
2011-05-14 01:52:06 Notice: Notice (8): Undefined index: md5 in [/var/www/cakephp/app/controllers/walls_controller.php, line 86]
2011-05-14 02:18:14 Notice: Notice (8): Undefined index: md5 in [/var/www/cakephp/app/controllers/walls_controller.php, line 88]
2011-05-14 02:18:26 Notice: Notice (8): Undefined index: md5 in [/var/www/cakephp/app/controllers/walls_controller.php, line 88]
2011-05-14 02:18:48 Notice: Notice (8): Undefined index: md5 in [/var/www/cakephp/app/controllers/walls_controller.php, line 88]
2011-05-14 02:25:33 Notice: Notice (8): Undefined index: md5 in [/var/www/cakephp/app/controllers/walls_controller.php, line 90]
2011-05-14 02:25:42 Notice: Notice (8): Undefined index: md5 in [/var/www/cakephp/app/controllers/walls_controller.php, line 90]
2011-05-14 02:25:50 Notice: Notice (8): Undefined index: md5 in [/var/www/cakephp/app/controllers/walls_controller.php, line 90]
2011-05-14 02:52:08 Notice: Notice (8): Undefined property: View::$Wall in [/var/www/cakephp/app/views/walls/upload.ctp, line 10]
2011-05-14 03:49:27 Notice: Notice (8): Undefined index: image in [/var/www/cakephp/app/controllers/walls_controller.php, line 67]
2011-05-14 03:51:25 Notice: Notice (8): Undefined index: image in [/var/www/cakephp/app/controllers/walls_controller.php, line 67]
2011-05-14 04:27:59 Notice: Notice (8): Undefined index: image in [/var/www/cakephp/app/controllers/walls_controller.php, line 67]
2011-05-14 05:25:40 Notice: Notice (8): session_start() [http://php.net/function.session-start]: ps_files_cleanup_dir: opendir(/var/lib/php5) failed: Permission denied (13) in [/var/www/cakephp/cake/libs/cake_session.php, line 587]
2011-05-14 08:09:22 Notice: Notice (8): Undefined index: id in [/var/www/cakephp/app/controllers/walls_controller.php, line 39]
2011-05-14 08:12:22 Notice: Notice (8): Undefined property: Wall::$invalidFields in [/var/www/cakephp/app/controllers/walls_controller.php, line 48]
2011-05-18 21:40:12 Notice: Notice (8): Undefined property: CategoriesController::$Node in [/var/www/cakephp/app/controllers/categories_controller.php, line 8]
2011-05-18 21:41:20 Notice: Notice (8): Undefined property: CategoriesController::$Node in [/var/www/cakephp/app/controllers/categories_controller.php, line 10]
2011-05-18 21:41:23 Notice: Notice (8): Undefined property: CategoriesController::$Node in [/var/www/cakephp/app/controllers/categories_controller.php, line 10]
2011-05-18 21:48:08 Notice: Notice (8): Undefined variable: nodelist in [/var/www/cakephp/app/controllers/categories_controller.php, line 24]
2011-05-18 22:14:28 Notice: Notice (8): Undefined property: WallsController::$Category in [/var/www/cakephp/app/controllers/walls_controller.php, line 118]
2011-05-19 00:06:49 Notice: Notice (8): Undefined property: WallsController::$Walls in [/var/www/cakephp/app/controllers/walls_controller.php, line 15]
2011-05-19 00:06:49 Notice: Notice (8): Undefined index: category in [/var/www/cakephp/app/views/walls/index.ctp, line 22]
2011-05-19 00:07:20 Notice: Notice (8): Undefined property: WallsController::$Walls in [/var/www/cakephp/app/controllers/walls_controller.php, line 15]
2011-05-19 00:08:19 Notice: Notice (8): Undefined property: WallsController::$Walls in [/var/www/cakephp/app/controllers/walls_controller.php, line 15]
2011-05-19 00:08:21 Notice: Notice (8): Undefined property: WallsController::$Walls in [/var/www/cakephp/app/controllers/walls_controller.php, line 15]
2011-05-19 00:14:03 Notice: Notice (8): Undefined property: WallsController::$Walls in [/var/www/cakephp/app/controllers/walls_controller.php, line 15]
2011-05-19 00:15:55 Notice: Notice (8): Array to string conversion in [/var/www/cakephp/app/views/walls/index.ctp, line 41]
2011-05-19 00:15:55 Notice: Notice (8): Undefined property: View::$Array in [/var/www/cakephp/app/views/walls/index.ctp, line 41]
2011-05-19 01:25:50 Notice: Notice (8): Array to string conversion in [/var/www/cakephp/app/controllers/walls_controller.php, line 18]
2011-05-19 01:55:50 Notice: Notice (8): Undefined variable: result in [/var/www/cakephp/app/controllers/walls_controller.php, line 20]
2011-05-19 02:31:06 Notice: Notice (8): Array to string conversion in [/var/www/cakephp/app/controllers/walls_controller.php, line 28]
2011-05-19 21:53:20 Notice: Notice (8): Undefined variable: categorylist in [/var/www/cakephp/app/views/categories/index.ctp, line 7]
2011-05-19 21:53:45 Notice: Notice (8): Undefined variable: categorylist in [/var/www/cakephp/app/views/categories/index.ctp, line 7]
2011-05-19 21:53:46 Notice: Notice (8): Undefined variable: categorylist in [/var/www/cakephp/app/views/categories/index.ctp, line 7]
2011-05-19 22:14:33 Notice: Notice (8): Undefined property: CategoriesController::$Node in [/var/www/cakephp/app/controllers/categories_controller.php, line 41]
2011-05-19 22:20:09 Notice: Notice (8): Undefined property: CategoriesController::$Wall in [/var/www/cakephp/app/controllers/categories_controller.php, line 43]
2011-05-19 23:32:12 Notice: Notice (8): Undefined index: parent_id in [/var/www/cakephp/app/views/categories/edit.ctp, line 10]
2011-05-19 23:33:45 Notice: Notice (8): Undefined index: parent_id in [/var/www/cakephp/app/views/categories/edit.ctp, line 10]
2011-05-20 01:27:14 Notice: Notice (8): Undefined variable: wall_count in [/var/www/cakephp/app/views/categories/index.ctp, line 8]
2011-05-20 01:41:05 Notice: Notice (8): Undefined variable: category in [/var/www/cakephp/app/views/categories/index.ctp, line 16]
2011-05-20 01:41:05 Notice: Notice (8): Undefined variable: category in [/var/www/cakephp/app/views/categories/index.ctp, line 18]
2011-05-20 01:42:11 Notice: Notice (8): Undefined index: 4dd4848b-275c-4a2f-b42d-3a2bcd74f641 in [/var/www/cakephp/app/views/categories/index.ctp, line 18]
2011-05-20 01:42:11 Notice: Notice (8): Undefined index: 4dd4ab2d-a9c4-4294-b932-3a28cd74f641 in [/var/www/cakephp/app/views/categories/index.ctp, line 18]
2011-05-20 01:42:11 Notice: Notice (8): Undefined index: 4dd4ac92-f2c4-4dc5-8ee0-3a2bcd74f641 in [/var/www/cakephp/app/views/categories/index.ctp, line 18]
2011-05-20 01:42:11 Notice: Notice (8): Undefined index: 4dd4abd2-8ac4-43f6-98a3-1c1bcd74f641 in [/var/www/cakephp/app/views/categories/index.ctp, line 18]
2011-05-20 01:42:11 Notice: Notice (8): Undefined index: 4dd4ada6-8964-4b59-95ff-3a2acd74f641 in [/var/www/cakephp/app/views/categories/index.ctp, line 18]
2011-05-20 01:42:11 Notice: Notice (8): Undefined index: 4dd4aa4f-545c-491b-89cd-3a29cd74f641 in [/var/www/cakephp/app/views/categories/index.ctp, line 18]
2011-05-20 01:42:11 Notice: Notice (8): Undefined index: 4dd4a943-56ec-4faa-be44-3a2acd74f641 in [/var/www/cakephp/app/views/categories/index.ctp, line 18]
2011-05-20 01:42:11 Notice: Notice (8): Undefined index: 4dd4864e-b7d0-4eb1-aa71-3a2acd74f641 in [/var/www/cakephp/app/views/categories/index.ctp, line 18]
2011-05-20 01:42:11 Notice: Notice (8): Undefined index: 4dd48668-3df8-4971-874b-1c1bcd74f641 in [/var/www/cakephp/app/views/categories/index.ctp, line 18]
2011-05-20 01:42:11 Notice: Notice (8): Undefined index: 4dd48678-7a0c-413a-ad8a-1c1bcd74f641 in [/var/www/cakephp/app/views/categories/index.ctp, line 18]
2011-05-20 01:42:11 Notice: Notice (8): Undefined index: 4dd4aaec-f508-4edd-af42-34cdcd74f641 in [/var/www/cakephp/app/views/categories/index.ctp, line 18]
2011-05-20 01:42:11 Notice: Notice (8): Undefined index: 4dd4adde-1e58-4a2f-93d6-34cdcd74f641 in [/var/www/cakephp/app/views/categories/index.ctp, line 18]
2011-05-20 01:42:11 Notice: Notice (8): Undefined index: 4dd4868f-a1a8-45d5-b34d-34cdcd74f641 in [/var/www/cakephp/app/views/categories/index.ctp, line 18]
2011-05-20 01:44:20 Notice: Notice (8): Undefined index: 4dd4848b-275c-4a2f-b42d-3a2bcd74f641 in [/var/www/cakephp/app/views/categories/index.ctp, line 18]
2011-05-20 01:44:20 Notice: Notice (8): Undefined index: 4dd4ab2d-a9c4-4294-b932-3a28cd74f641 in [/var/www/cakephp/app/views/categories/index.ctp, line 18]
2011-05-20 01:44:20 Notice: Notice (8): Undefined index: 4dd4ac92-f2c4-4dc5-8ee0-3a2bcd74f641 in [/var/www/cakephp/app/views/categories/index.ctp, line 18]
2011-05-20 01:44:20 Notice: Notice (8): Undefined index: 4dd4abd2-8ac4-43f6-98a3-1c1bcd74f641 in [/var/www/cakephp/app/views/categories/index.ctp, line 18]
2011-05-20 01:44:20 Notice: Notice (8): Undefined index: 4dd4ada6-8964-4b59-95ff-3a2acd74f641 in [/var/www/cakephp/app/views/categories/index.ctp, line 18]
2011-05-20 01:44:20 Notice: Notice (8): Undefined index: 4dd4aa4f-545c-491b-89cd-3a29cd74f641 in [/var/www/cakephp/app/views/categories/index.ctp, line 18]
2011-05-20 01:44:20 Notice: Notice (8): Undefined index: 4dd4a943-56ec-4faa-be44-3a2acd74f641 in [/var/www/cakephp/app/views/categories/index.ctp, line 18]
2011-05-20 01:44:20 Notice: Notice (8): Undefined index: 4dd4864e-b7d0-4eb1-aa71-3a2acd74f641 in [/var/www/cakephp/app/views/categories/index.ctp, line 18]
2011-05-20 01:44:20 Notice: Notice (8): Undefined index: 4dd48668-3df8-4971-874b-1c1bcd74f641 in [/var/www/cakephp/app/views/categories/index.ctp, line 18]
2011-05-20 01:44:20 Notice: Notice (8): Undefined index: 4dd48678-7a0c-413a-ad8a-1c1bcd74f641 in [/var/www/cakephp/app/views/categories/index.ctp, line 18]
2011-05-20 01:44:20 Notice: Notice (8): Undefined index: 4dd4aaec-f508-4edd-af42-34cdcd74f641 in [/var/www/cakephp/app/views/categories/index.ctp, line 18]
2011-05-20 01:44:20 Notice: Notice (8): Undefined index: 4dd4adde-1e58-4a2f-93d6-34cdcd74f641 in [/var/www/cakephp/app/views/categories/index.ctp, line 18]
2011-05-20 01:44:20 Notice: Notice (8): Undefined index: 4dd4868f-a1a8-45d5-b34d-34cdcd74f641 in [/var/www/cakephp/app/views/categories/index.ctp, line 18]
2011-05-20 01:44:46 Notice: Notice (8): Undefined index: 4dd4848b-275c-4a2f-b42d-3a2bcd74f641 in [/var/www/cakephp/app/views/categories/index.ctp, line 18]
2011-05-20 01:44:46 Notice: Notice (8): Undefined index: 4dd4ab2d-a9c4-4294-b932-3a28cd74f641 in [/var/www/cakephp/app/views/categories/index.ctp, line 18]
2011-05-20 01:44:46 Notice: Notice (8): Undefined index: 4dd4ac92-f2c4-4dc5-8ee0-3a2bcd74f641 in [/var/www/cakephp/app/views/categories/index.ctp, line 18]
2011-05-20 01:44:46 Notice: Notice (8): Undefined index: 4dd4abd2-8ac4-43f6-98a3-1c1bcd74f641 in [/var/www/cakephp/app/views/categories/index.ctp, line 18]
2011-05-20 01:44:46 Notice: Notice (8): Undefined index: 4dd4ada6-8964-4b59-95ff-3a2acd74f641 in [/var/www/cakephp/app/views/categories/index.ctp, line 18]
2011-05-20 01:44:46 Notice: Notice (8): Undefined index: 4dd4aa4f-545c-491b-89cd-3a29cd74f641 in [/var/www/cakephp/app/views/categories/index.ctp, line 18]
2011-05-20 01:44:46 Notice: Notice (8): Undefined index: 4dd4a943-56ec-4faa-be44-3a2acd74f641 in [/var/www/cakephp/app/views/categories/index.ctp, line 18]
2011-05-20 01:44:46 Notice: Notice (8): Undefined index: 4dd4864e-b7d0-4eb1-aa71-3a2acd74f641 in [/var/www/cakephp/app/views/categories/index.ctp, line 18]
2011-05-20 01:44:46 Notice: Notice (8): Undefined index: 4dd48668-3df8-4971-874b-1c1bcd74f641 in [/var/www/cakephp/app/views/categories/index.ctp, line 18]
2011-05-20 01:44:46 Notice: Notice (8): Undefined index: 4dd48678-7a0c-413a-ad8a-1c1bcd74f641 in [/var/www/cakephp/app/views/categories/index.ctp, line 18]
2011-05-20 01:44:46 Notice: Notice (8): Undefined index: 4dd4aaec-f508-4edd-af42-34cdcd74f641 in [/var/www/cakephp/app/views/categories/index.ctp, line 18]
2011-05-20 01:44:46 Notice: Notice (8): Undefined index: 4dd4adde-1e58-4a2f-93d6-34cdcd74f641 in [/var/www/cakephp/app/views/categories/index.ctp, line 18]
2011-05-20 01:44:46 Notice: Notice (8): Undefined index: 4dd4868f-a1a8-45d5-b34d-34cdcd74f641 in [/var/www/cakephp/app/views/categories/index.ctp, line 18]
2011-05-20 01:47:58 Notice: Notice (8): Undefined index: 4dd4848b-275c-4a2f-b42d-3a2bcd74f641 in [/var/www/cakephp/app/views/categories/index.ctp, line 18]
2011-05-20 01:47:58 Notice: Notice (8): Undefined index: 4dd4ab2d-a9c4-4294-b932-3a28cd74f641 in [/var/www/cakephp/app/views/categories/index.ctp, line 18]
2011-05-20 01:47:58 Notice: Notice (8): Undefined index: 4dd4ac92-f2c4-4dc5-8ee0-3a2bcd74f641 in [/var/www/cakephp/app/views/categories/index.ctp, line 18]
2011-05-20 01:47:58 Notice: Notice (8): Undefined index: 4dd4abd2-8ac4-43f6-98a3-1c1bcd74f641 in [/var/www/cakephp/app/views/categories/index.ctp, line 18]
2011-05-20 01:47:58 Notice: Notice (8): Undefined index: 4dd4ada6-8964-4b59-95ff-3a2acd74f641 in [/var/www/cakephp/app/views/categories/index.ctp, line 18]
2011-05-20 01:47:58 Notice: Notice (8): Undefined index: 4dd4aa4f-545c-491b-89cd-3a29cd74f641 in [/var/www/cakephp/app/views/categories/index.ctp, line 18]
2011-05-20 01:47:58 Notice: Notice (8): Undefined index: 4dd4a943-56ec-4faa-be44-3a2acd74f641 in [/var/www/cakephp/app/views/categories/index.ctp, line 18]
2011-05-20 01:47:58 Notice: Notice (8): Undefined index: 4dd4864e-b7d0-4eb1-aa71-3a2acd74f641 in [/var/www/cakephp/app/views/categories/index.ctp, line 18]
2011-05-20 01:47:58 Notice: Notice (8): Undefined index: 4dd48668-3df8-4971-874b-1c1bcd74f641 in [/var/www/cakephp/app/views/categories/index.ctp, line 18]
2011-05-20 01:47:58 Notice: Notice (8): Undefined index: 4dd48678-7a0c-413a-ad8a-1c1bcd74f641 in [/var/www/cakephp/app/views/categories/index.ctp, line 18]
2011-05-20 01:47:58 Notice: Notice (8): Undefined index: 4dd4aaec-f508-4edd-af42-34cdcd74f641 in [/var/www/cakephp/app/views/categories/index.ctp, line 18]
2011-05-20 01:47:58 Notice: Notice (8): Undefined index: 4dd4adde-1e58-4a2f-93d6-34cdcd74f641 in [/var/www/cakephp/app/views/categories/index.ctp, line 18]
2011-05-20 01:47:58 Notice: Notice (8): Undefined index: 4dd4868f-a1a8-45d5-b34d-34cdcd74f641 in [/var/www/cakephp/app/views/categories/index.ctp, line 18]
2011-05-20 01:55:08 Notice: Notice (8): Undefined property: CategoriesController::$Wall in [/var/www/cakephp/app/controllers/categories_controller.php, line 11]
2011-05-20 01:55:28 Notice: Notice (8): Undefined variable: categories in [/var/www/cakephp/app/views/categories/index.ctp, line 14]
2011-05-20 01:55:28 Notice: Notice (8): Undefined variable: categories in [/var/www/cakephp/app/views/categories/index.ctp, line 18]
2011-05-20 01:57:25 Notice: Notice (8): Undefined variable: categories in [/var/www/cakephp/app/views/categories/index.ctp, line 14]
2011-05-20 01:57:25 Notice: Notice (8): Undefined variable: categories in [/var/www/cakephp/app/views/categories/index.ctp, line 18]
2011-05-20 01:58:14 Notice: Notice (8): Undefined variable: categories in [/var/www/cakephp/app/views/categories/index.ctp, line 14]
2011-05-20 01:58:14 Notice: Notice (8): Undefined variable: categories in [/var/www/cakephp/app/views/categories/index.ctp, line 18]
2011-05-20 02:04:08 Notice: Notice (8): Undefined variable: result in [/var/www/cakephp/app/controllers/categories_controller.php, line 29]
2011-05-20 02:04:08 Notice: Notice (8): Undefined variable: categories in [/var/www/cakephp/app/views/categories/index.ctp, line 14]
2011-05-20 02:04:08 Notice: Notice (8): Undefined variable: categories in [/var/www/cakephp/app/views/categories/index.ctp, line 18]
2011-05-20 02:04:43 Notice: Notice (8): Undefined variable: categories in [/var/www/cakephp/app/views/categories/index.ctp, line 14]
2011-05-20 02:04:43 Notice: Notice (8): Undefined variable: categories in [/var/www/cakephp/app/views/categories/index.ctp, line 18]
2011-05-20 02:05:01 Notice: Notice (8): Undefined variable: categories in [/var/www/cakephp/app/views/categories/index.ctp, line 14]
2011-05-20 02:05:01 Notice: Notice (8): Undefined variable: categories in [/var/www/cakephp/app/views/categories/index.ctp, line 18]
2011-05-20 02:05:37 Notice: Notice (8): Undefined variable: categories in [/var/www/cakephp/app/views/categories/index.ctp, line 14]
2011-05-20 02:05:37 Notice: Notice (8): Undefined variable: categories in [/var/www/cakephp/app/views/categories/index.ctp, line 18]
2011-05-20 02:05:41 Notice: Notice (8): Undefined variable: categories in [/var/www/cakephp/app/views/categories/index.ctp, line 14]
2011-05-20 02:05:41 Notice: Notice (8): Undefined variable: categories in [/var/www/cakephp/app/views/categories/index.ctp, line 18]
2011-05-20 02:05:47 Notice: Notice (8): Undefined variable: categories in [/var/www/cakephp/app/views/categories/index.ctp, line 14]
2011-05-20 02:05:47 Notice: Notice (8): Undefined variable: categories in [/var/www/cakephp/app/views/categories/index.ctp, line 18]
2011-05-20 02:07:34 Notice: Notice (8): Undefined index: Category in [/var/www/cakephp/app/controllers/categories_controller.php, line 28]
2011-05-20 02:07:34 Notice: Notice (8): Undefined variable: categories in [/var/www/cakephp/app/views/categories/index.ctp, line 14]
2011-05-20 02:07:34 Notice: Notice (8): Undefined variable: categories in [/var/www/cakephp/app/views/categories/index.ctp, line 18]
2011-05-20 02:07:58 Notice: Notice (8): Undefined offset: 1 in [/var/www/cakephp/app/controllers/categories_controller.php, line 28]
2011-05-20 02:07:58 Notice: Notice (8): Undefined offset: 2 in [/var/www/cakephp/app/controllers/categories_controller.php, line 28]
2011-05-20 02:07:58 Notice: Notice (8): Undefined offset: 3 in [/var/www/cakephp/app/controllers/categories_controller.php, line 28]
2011-05-20 02:07:58 Notice: Notice (8): Undefined variable: categories in [/var/www/cakephp/app/views/categories/index.ctp, line 14]
2011-05-20 02:07:58 Notice: Notice (8): Undefined variable: categories in [/var/www/cakephp/app/views/categories/index.ctp, line 18]
2011-05-20 02:08:16 Notice: Notice (8): Undefined variable: categories in [/var/www/cakephp/app/views/categories/index.ctp, line 14]
2011-05-20 02:08:16 Notice: Notice (8): Undefined variable: categories in [/var/www/cakephp/app/views/categories/index.ctp, line 18]
2011-05-20 02:10:42 Notice: Notice (8): Undefined variable: debug in [/var/www/cakephp/app/controllers/categories_controller.php, line 29]
2011-05-20 02:10:59 Notice: Notice (8): Undefined variable: categories in [/var/www/cakephp/app/views/categories/index.ctp, line 14]
2011-05-20 02:10:59 Notice: Notice (8): Undefined variable: categories in [/var/www/cakephp/app/views/categories/index.ctp, line 18]
2011-05-20 02:12:02 Notice: Notice (8): Undefined variable: categories in [/var/www/cakephp/app/views/categories/index.ctp, line 14]
2011-05-20 02:12:02 Notice: Notice (8): Undefined variable: categorylist in [/var/www/cakephp/app/views/categories/index.ctp, line 15]
2011-05-20 02:15:41 Notice: Notice (8): Undefined variable: categories in [/var/www/cakephp/app/views/categories/index.ctp, line 14]
2011-05-20 02:15:41 Notice: Notice (8): Undefined variable: categories in [/var/www/cakephp/app/views/categories/index.ctp, line 15]
2011-05-20 02:15:42 Notice: Notice (8): Undefined variable: categories in [/var/www/cakephp/app/views/categories/index.ctp, line 14]
2011-05-20 02:15:42 Notice: Notice (8): Undefined variable: categories in [/var/www/cakephp/app/views/categories/index.ctp, line 15]
2011-05-20 02:44:07 Notice: Notice (8): Undefined variable: count in [/var/www/cakephp/app/controllers/categories_controller.php, line 16]
2011-05-20 02:46:29 Notice: Notice (8): Undefined variable: result in [/var/www/cakephp/app/controllers/categories_controller.php, line 24]
2011-05-20 02:46:29 Notice: Notice (8): Undefined variable: result in [/var/www/cakephp/app/controllers/categories_controller.php, line 22]
2011-05-21 01:18:20 Notice: Notice (8): Undefined property: Wall::$Wall in [/var/www/cakephp/app/models/wall.php, line 84]
2011-05-21 04:11:23 Notice: Notice (8): Undefined variable: path in [/var/www/cakephp/app/views/walls/index.ctp, line 27]
2011-05-21 04:11:23 Notice: Notice (8): Undefined index: title in [/var/www/cakephp/app/views/walls/index.ctp, line 27]
2011-05-21 05:25:04 Notice: Notice (8): Undefined variable: allwalls in [/var/www/cakephp/app/controllers/walls_controller.php, line 24]
2011-05-21 05:25:04 Notice: Notice (8): Undefined variable: allwalls in [/var/www/cakephp/app/controllers/walls_controller.php, line 37]
2011-05-21 05:30:26 Notice: Notice (8): Undefined variable: allwalls in [/var/www/cakephp/app/controllers/walls_controller.php, line 25]
2011-05-21 05:30:26 Notice: Notice (8): Undefined variable: allwalls in [/var/www/cakephp/app/controllers/walls_controller.php, line 38]
2011-05-21 05:30:55 Notice: Notice (8): Undefined variable: allwalls in [/var/www/cakephp/app/controllers/walls_controller.php, line 25]
2011-05-21 05:30:55 Notice: Notice (8): Undefined variable: allwalls in [/var/www/cakephp/app/controllers/walls_controller.php, line 38]
2011-05-21 05:35:49 Notice: Notice (8): Undefined variable: allwalls in [/var/www/cakephp/app/controllers/walls_controller.php, line 27]
2011-05-21 05:35:49 Notice: Notice (8): Undefined variable: allwalls in [/var/www/cakephp/app/controllers/walls_controller.php, line 40]
2011-05-21 05:35:55 Notice: Notice (8): Undefined variable: allwalls in [/var/www/cakephp/app/controllers/walls_controller.php, line 27]
2011-05-21 05:35:55 Notice: Notice (8): Undefined variable: allwalls in [/var/www/cakephp/app/controllers/walls_controller.php, line 40]
2011-05-21 05:36:20 Notice: Notice (8): Undefined variable: allwalls in [/var/www/cakephp/app/controllers/walls_controller.php, line 27]
2011-05-21 05:36:20 Notice: Notice (8): Undefined variable: allwalls in [/var/www/cakephp/app/controllers/walls_controller.php, line 40]
2011-05-21 05:40:22 Notice: Notice (8): Undefined index: lft in [/var/www/cakephp/app/controllers/walls_controller.php, line 22]
2011-05-21 05:40:22 Notice: Notice (8): Undefined index: rght in [/var/www/cakephp/app/controllers/walls_controller.php, line 22]
2011-05-22 00:05:46 Notice: Notice (8): Undefined property: CategoriesController::$Wall in [/var/www/cakephp/app/controllers/categories_controller.php, line 50]
2011-05-22 00:06:36 Notice: Notice (8): Undefined property: CategoriesController::$Wall in [/var/www/cakephp/app/controllers/categories_controller.php, line 38]
2011-05-22 00:10:47 Notice: Notice (8): Undefined index: category_id in [/var/www/cakephp/app/controllers/categories_controller.php, line 60]
2011-05-22 00:10:47 Notice: Notice (8): Undefined variable: categories in [/var/www/cakephp/app/views/categories/index.ctp, line 14]
2011-05-22 00:11:23 Notice: Notice (8): Undefined index: id in [/var/www/cakephp/app/controllers/categories_controller.php, line 60]
2011-05-22 00:11:23 Notice: Notice (8): Undefined variable: categories in [/var/www/cakephp/app/views/categories/index.ctp, line 14]
2011-05-22 00:11:25 Notice: Notice (8): Undefined index: id in [/var/www/cakephp/app/controllers/categories_controller.php, line 60]
2011-05-22 00:11:25 Notice: Notice (8): Undefined variable: categories in [/var/www/cakephp/app/views/categories/index.ctp, line 14]
2011-05-22 00:11:50 Notice: Notice (8): Undefined index: category_id in [/var/www/cakephp/app/controllers/categories_controller.php, line 60]
2011-05-22 00:11:50 Notice: Notice (8): Undefined variable: categories in [/var/www/cakephp/app/views/categories/index.ctp, line 14]
2011-05-22 00:12:47 Notice: Notice (8): Undefined index: category_id in [/var/www/cakephp/app/controllers/categories_controller.php, line 62]
2011-05-22 00:12:47 Notice: Notice (8): Undefined variable: categories in [/var/www/cakephp/app/views/categories/index.ctp, line 14]
2011-05-22 00:12:57 Notice: Notice (8): Undefined index: category_id in [/var/www/cakephp/app/controllers/categories_controller.php, line 62]
2011-05-22 00:12:57 Notice: Notice (8): Undefined variable: categories in [/var/www/cakephp/app/views/categories/index.ctp, line 14]
2011-05-22 00:20:26 Notice: Notice (8): Undefined index: category_id in [/var/www/cakephp/app/controllers/categories_controller.php, line 62]
2011-05-22 00:20:26 Notice: Notice (8): Undefined variable: categories in [/var/www/cakephp/app/views/categories/index.ctp, line 14]
2011-05-22 01:03:11 Notice: Notice (8): Undefined index: category_id in [/var/www/cakephp/app/controllers/categories_controller.php, line 62]
2011-05-22 01:03:11 Notice: Notice (8): Undefined variable: categories in [/var/www/cakephp/app/views/categories/index.ctp, line 14]
2011-05-22 01:19:26 Notice: Notice (8): Undefined index: Wall in [/var/www/cakephp/app/views/walls/index.ctp, line 22]
2011-05-22 01:19:26 Notice: Notice (8): Undefined index: Wall in [/var/www/cakephp/app/views/walls/index.ctp, line 23]
2011-05-22 01:19:26 Notice: Notice (8): Undefined index: Category in [/var/www/cakephp/app/views/walls/index.ctp, line 27]
2011-05-22 01:19:26 Notice: Notice (8): Undefined index: Wall in [/var/www/cakephp/app/views/walls/index.ctp, line 33]
2011-05-22 01:19:26 Notice: Notice (8): Undefined index: Wall in [/var/www/cakephp/app/views/walls/index.ctp, line 34]
2011-05-22 01:19:26 Notice: Notice (8): Undefined index: Wall in [/var/www/cakephp/app/views/walls/index.ctp, line 35]
2011-05-22 01:19:26 Notice: Notice (8): Undefined index: Wall in [/var/www/cakephp/app/views/walls/index.ctp, line 37]
2011-05-22 01:19:26 Notice: Notice (8): Undefined index: Wall in [/var/www/cakephp/app/views/walls/index.ctp, line 38]
2011-05-22 01:19:26 Notice: Notice (8): Undefined index: Wall in [/var/www/cakephp/app/views/walls/index.ctp, line 39]
2011-05-22 01:19:26 Notice: Notice (8): Undefined index: Wall in [/var/www/cakephp/app/views/walls/index.ctp, line 40]
2011-05-22 01:19:26 Notice: Notice (8): Undefined index: Wall in [/var/www/cakephp/app/views/walls/index.ctp, line 41]
2011-05-22 01:19:26 Notice: Notice (8): Undefined index: Wall in [/var/www/cakephp/app/views/walls/index.ctp, line 43]
2011-05-22 01:19:26 Notice: Notice (8): Undefined index: Wall in [/var/www/cakephp/app/views/walls/index.ctp, line 44]
2011-05-22 01:19:26 Notice: Notice (8): Undefined index: Wall in [/var/www/cakephp/app/views/walls/index.ctp, line 45]
2011-05-22 01:20:08 Notice: Notice (8): Undefined index: Wall in [/var/www/cakephp/app/views/walls/index.ctp, line 22]
2011-05-22 01:20:08 Notice: Notice (8): Undefined index: Wall in [/var/www/cakephp/app/views/walls/index.ctp, line 23]
2011-05-22 01:20:08 Notice: Notice (8): Undefined index: Category in [/var/www/cakephp/app/views/walls/index.ctp, line 27]
2011-05-22 01:20:08 Notice: Notice (8): Undefined index: Wall in [/var/www/cakephp/app/views/walls/index.ctp, line 33]
2011-05-22 01:20:08 Notice: Notice (8): Undefined index: Wall in [/var/www/cakephp/app/views/walls/index.ctp, line 34]
2011-05-22 01:20:08 Notice: Notice (8): Undefined index: Wall in [/var/www/cakephp/app/views/walls/index.ctp, line 35]
2011-05-22 01:20:08 Notice: Notice (8): Undefined index: Wall in [/var/www/cakephp/app/views/walls/index.ctp, line 37]
2011-05-22 01:20:08 Notice: Notice (8): Undefined index: Wall in [/var/www/cakephp/app/views/walls/index.ctp, line 38]
2011-05-22 01:20:08 Notice: Notice (8): Undefined index: Wall in [/var/www/cakephp/app/views/walls/index.ctp, line 39]
2011-05-22 01:20:08 Notice: Notice (8): Undefined index: Wall in [/var/www/cakephp/app/views/walls/index.ctp, line 40]
2011-05-22 01:20:08 Notice: Notice (8): Undefined index: Wall in [/var/www/cakephp/app/views/walls/index.ctp, line 41]
2011-05-22 01:20:08 Notice: Notice (8): Undefined index: Wall in [/var/www/cakephp/app/views/walls/index.ctp, line 43]
2011-05-22 01:20:08 Notice: Notice (8): Undefined index: Wall in [/var/www/cakephp/app/views/walls/index.ctp, line 44]
2011-05-22 01:20:08 Notice: Notice (8): Undefined index: Wall in [/var/www/cakephp/app/views/walls/index.ctp, line 45]
2011-05-22 01:20:08 Notice: Notice (8): Undefined index: Wall in [/var/www/cakephp/app/views/walls/index.ctp, line 22]
2011-05-22 01:20:08 Notice: Notice (8): Undefined index: Wall in [/var/www/cakephp/app/views/walls/index.ctp, line 23]
2011-05-22 01:20:08 Notice: Notice (8): Undefined index: Category in [/var/www/cakephp/app/views/walls/index.ctp, line 27]
2011-05-22 01:20:08 Notice: Notice (8): Undefined index: Wall in [/var/www/cakephp/app/views/walls/index.ctp, line 33]
2011-05-22 01:20:08 Notice: Notice (8): Undefined index: Wall in [/var/www/cakephp/app/views/walls/index.ctp, line 34]
2011-05-22 01:20:08 Notice: Notice (8): Undefined index: Wall in [/var/www/cakephp/app/views/walls/index.ctp, line 35]
2011-05-22 01:20:08 Notice: Notice (8): Undefined index: Wall in [/var/www/cakephp/app/views/walls/index.ctp, line 37]
2011-05-22 01:20:08 Notice: Notice (8): Undefined index: Wall in [/var/www/cakephp/app/views/walls/index.ctp, line 38]
2011-05-22 01:20:08 Notice: Notice (8): Undefined index: Wall in [/var/www/cakephp/app/views/walls/index.ctp, line 39]
2011-05-22 01:20:08 Notice: Notice (8): Undefined index: Wall in [/var/www/cakephp/app/views/walls/index.ctp, line 40]
2011-05-22 01:20:08 Notice: Notice (8): Undefined index: Wall in [/var/www/cakephp/app/views/walls/index.ctp, line 41]
2011-05-22 01:20:08 Notice: Notice (8): Undefined index: Wall in [/var/www/cakephp/app/views/walls/index.ctp, line 43]
2011-05-22 01:20:08 Notice: Notice (8): Undefined index: Wall in [/var/www/cakephp/app/views/walls/index.ctp, line 44]
2011-05-22 01:20:08 Notice: Notice (8): Undefined index: Wall in [/var/www/cakephp/app/views/walls/index.ctp, line 45]
2011-05-22 01:37:06 Notice: Notice (8): Undefined variable: displayField in [/var/www/cakephp/app/models/wall.php, line 137]
2011-05-22 01:37:06 Notice: Notice (8): Trying to get property of non-object in [/var/www/cakephp/app/models/wall.php, line 137]
2011-05-22 01:37:42 Notice: Notice (8): Undefined variable: displayField in [/var/www/cakephp/app/models/wall.php, line 137]
2011-05-22 01:38:57 Notice: Notice (8): Undefined property: Wall::$C in [/var/www/cakephp/app/models/wall.php, line 137]
2011-05-22 01:56:09 Notice: Notice (8): Undefined property: Wall::$C in [/var/www/cakephp/app/models/wall.php, line 137]
2011-05-22 01:57:31 Notice: Notice (8): Undefined variable: C in [/var/www/cakephp/app/models/wall.php, line 137]
2011-05-22 01:58:15 Notice: Notice (8): Undefined variable: Category in [/var/www/cakephp/app/models/wall.php, line 137]
2011-05-22 01:58:17 Notice: Notice (8): Undefined variable: Category in [/var/www/cakephp/app/models/wall.php, line 137]
2011-05-22 01:59:11 Notice: Notice (8): Undefined variable: C in [/var/www/cakephp/app/models/wall.php, line 137]
2011-05-22 01:59:12 Notice: Notice (8): Undefined variable: C in [/var/www/cakephp/app/models/wall.php, line 137]
2011-05-22 04:33:57 Notice: Notice (8): Undefined index: category_id in [/var/www/cakephp/app/controllers/categories_controller.php, line 62]
2011-05-22 04:33:57 Notice: Notice (8): Undefined variable: categories in [/var/www/cakephp/app/views/categories/index.ctp, line 14]
2011-05-22 04:35:54 Notice: Notice (8): Undefined property: View::$Time in [/var/www/cakephp/app/views/walls/index.ctp, line 36]
2011-05-22 17:01:16 Notice: Notice (8): Undefined variable: allwalls in [/var/www/cakephp/app/controllers/categories_controller.php, line 60]
2011-05-22 17:01:16 Notice: Notice (8): Undefined variable: allwalls in [/var/www/cakephp/app/controllers/categories_controller.php, line 73]
2011-05-22 17:01:16 Notice: Notice (8): Undefined variable: categories in [/var/www/cakephp/app/views/categories/index.ctp, line 14]
2011-05-22 17:03:10 Notice: Notice (8): Undefined variable: allwalls in [/var/www/cakephp/app/controllers/categories_controller.php, line 61]
2011-05-22 17:03:10 Notice: Notice (8): Undefined variable: allwalls in [/var/www/cakephp/app/controllers/categories_controller.php, line 74]
2011-05-22 17:03:10 Notice: Notice (8): Undefined variable: categories in [/var/www/cakephp/app/views/categories/index.ctp, line 14]
2011-05-22 17:03:53 Notice: Notice (8): Undefined variable: allwalls in [/var/www/cakephp/app/controllers/categories_controller.php, line 61]
2011-05-22 17:03:53 Notice: Notice (8): Undefined variable: allwalls in [/var/www/cakephp/app/controllers/categories_controller.php, line 74]
2011-05-22 17:03:53 Notice: Notice (8): Undefined variable: categories in [/var/www/cakephp/app/views/categories/index.ctp, line 14]
2011-05-22 17:05:05 Notice: Notice (8): Undefined variable: allwalls in [/var/www/cakephp/app/controllers/categories_controller.php, line 59]
2011-05-22 17:05:05 Notice: Notice (8): Undefined variable: allwalls in [/var/www/cakephp/app/controllers/categories_controller.php, line 72]
2011-05-22 17:05:05 Notice: Notice (8): Undefined variable: categories in [/var/www/cakephp/app/views/categories/index.ctp, line 14]
2011-05-22 17:05:58 Notice: Notice (8): Undefined variable: allwalls in [/var/www/cakephp/app/controllers/categories_controller.php, line 61]
2011-05-22 17:05:58 Notice: Notice (8): Undefined variable: allwalls in [/var/www/cakephp/app/controllers/categories_controller.php, line 74]
2011-05-22 17:05:58 Notice: Notice (8): Undefined variable: categories in [/var/www/cakephp/app/views/categories/index.ctp, line 14]
2011-05-22 17:09:05 Notice: Notice (8): Undefined variable: allwalls in [/var/www/cakephp/app/controllers/categories_controller.php, line 62]
2011-05-22 17:09:05 Notice: Notice (8): Undefined variable: allwalls in [/var/www/cakephp/app/controllers/categories_controller.php, line 75]
2011-05-22 17:09:05 Notice: Notice (8): Undefined variable: categories in [/var/www/cakephp/app/views/categories/index.ctp, line 14]
2011-05-22 17:11:16 Notice: Notice (8): Undefined variable: allwalls in [/var/www/cakephp/app/controllers/categories_controller.php, line 62]
2011-05-22 17:11:16 Notice: Notice (8): Undefined variable: allwalls in [/var/www/cakephp/app/controllers/categories_controller.php, line 75]
2011-05-22 17:11:16 Notice: Notice (8): Undefined variable: categories in [/var/www/cakephp/app/views/categories/index.ctp, line 14]
2011-05-22 17:43:16 Notice: Notice (8): Undefined index: Children in [/var/www/cakephp/app/views/categories/browse.ctp, line 19]
2011-05-22 17:43:48 Notice: Notice (8): session_start() [http://php.net/function.session-start]: ps_files_cleanup_dir: opendir(/var/lib/php5) failed: Permission denied (13) in [/var/www/cakephp/cake/libs/cake_session.php, line 587]
2011-05-22 18:13:36 Notice: Notice (8): Undefined property: View::$Nest in [/var/www/cakephp/app/views/categories/browse.ctp, line 4]
2011-05-23 01:28:27 Notice: Notice (8): Undefined index: children in [/var/www/cakephp/app/views/helpers/nest.php, line 15]
2011-05-23 01:59:03 Notice: Notice (8): Undefined index: title in [/var/www/cakephp/app/views/categories/index.ctp, line 18]
2011-05-23 01:59:14 Notice: Notice (8): Undefined property: Category::$Category in [/var/www/cakephp/app/app_model.php, line 119]
2011-05-23 02:05:04 Notice: Notice (8): Undefined property: Category::$Category in [/var/www/cakephp/app/app_model.php, line 119]
2011-05-23 02:05:05 Notice: Notice (8): Undefined property: Category::$Category in [/var/www/cakephp/app/app_model.php, line 119]
2011-05-23 02:09:54 Notice: Notice (8): Undefined property: Category::$Category in [/var/www/cakephp/app/app_model.php, line 119]
2011-05-23 02:09:58 Notice: Notice (8): Undefined property: Category::$Category in [/var/www/cakephp/app/app_model.php, line 119]
2011-05-23 02:12:54 Notice: Notice (8): Undefined property: NestHelper::$Nest in [/var/www/cakephp/app/views/helpers/nest.php, line 24]
2011-05-23 02:13:14 Notice: Notice (8): Undefined index: path in [/var/www/cakephp/app/views/helpers/nest.php, line 24]
2011-05-23 02:13:57 Notice: Notice (8): Undefined index: path in [/var/www/cakephp/app/views/helpers/nest.php, line 24]
2011-05-23 02:14:00 Notice: Notice (8): Undefined index: path in [/var/www/cakephp/app/views/helpers/nest.php, line 24]
2011-05-23 02:14:01 Notice: Notice (8): Undefined index: path in [/var/www/cakephp/app/views/helpers/nest.php, line 24]
2011-05-23 02:18:46 Notice: Notice (8): Undefined index: path in [/var/www/cakephp/app/views/helpers/nest.php, line 24]
2011-05-23 02:19:29 Notice: Notice (8): Undefined index: path in [/var/www/cakephp/app/views/helpers/nest.php, line 26]
2011-05-23 02:20:24 Notice: Notice (8): Undefined index: path in [/var/www/cakephp/app/views/helpers/nest.php, line 26]
2011-05-23 02:20:26 Notice: Notice (8): Undefined index: path in [/var/www/cakephp/app/views/helpers/nest.php, line 26]
2011-05-23 23:12:43 Notice: Notice (8): Undefined property: Category::$Category in [/var/www/cakephp/app/app_model.php, line 119]
2011-05-23 23:15:05 Notice: Notice (8): Undefined property: Category::$Category in [/var/www/cakephp/app/app_model.php, line 119]
2011-05-23 23:29:01 Notice: Notice (8): Undefined property: Category::$Category in [/var/www/cakephp/app/app_model.php, line 119]
2011-05-23 23:29:44 Notice: Notice (8): Undefined property: Category::$Category in [/var/www/cakephp/app/app_model.php, line 119]
2011-05-23 23:29:44 Notice: Notice (8): Trying to get property of non-object in [/var/www/cakephp/app/app_model.php, line 119]
2011-05-23 23:29:44 Notice: Notice (8): Undefined index: name in [/var/www/cakephp/app/views/helpers/nest.php, line 50]
2011-05-23 23:29:44 Notice: Notice (8): Undefined index: name in [/var/www/cakephp/app/views/helpers/nest.php, line 54]
2011-05-24 23:58:34 Notice: Notice (8): Undefined index: Category in [/var/www/cakephp/app/models/wall.php, line 129]
2011-05-25 00:02:28 Notice: Notice (8): Undefined index: rght in [/var/www/cakephp/cake/libs/model/behaviors/tree.php, line 113]
2011-05-25 00:03:16 Notice: Notice (8): Undefined index: Category in [/var/www/cakephp/app/models/wall.php, line 129]
2011-05-25 00:07:06 Notice: Notice (8): Undefined index: Category in [/var/www/cakephp/app/models/wall.php, line 129]
2011-05-25 00:08:23 Notice: Notice (8): Undefined index: rght in [/var/www/cakephp/cake/libs/model/behaviors/tree.php, line 113]
2011-05-25 00:10:22 Notice: Notice (8): Undefined index: rght in [/var/www/cakephp/cake/libs/model/behaviors/tree.php, line 113]
2011-05-25 00:11:04 Notice: Notice (8): Undefined index: rght in [/var/www/cakephp/cake/libs/model/behaviors/tree.php, line 113]
2011-05-25 00:11:18 Notice: Notice (8): Undefined index: category_id in [/var/www/cakephp/app/models/wall.php, line 129]
2011-05-25 00:11:52 Notice: Notice (8): Undefined index: rght in [/var/www/cakephp/cake/libs/model/behaviors/tree.php, line 113]
2011-05-25 00:12:10 Notice: Notice (8): Undefined index: category_id in [/var/www/cakephp/app/models/wall.php, line 129]
2011-05-25 00:13:10 Notice: Notice (8): Undefined index: rght in [/var/www/cakephp/cake/libs/model/behaviors/tree.php, line 113]
2011-05-25 00:14:17 Notice: Notice (8): Undefined index: rght in [/var/www/cakephp/cake/libs/model/behaviors/tree.php, line 113]
2011-05-25 00:26:57 Notice: Notice (8): Undefined index: id in [/var/www/cakephp/app/controllers/walls_controller.php, line 175]
2011-05-25 00:28:42 Notice: Notice (8): Undefined index: id in [/var/www/cakephp/app/controllers/walls_controller.php, line 175]
2011-05-25 00:35:02 Notice: Notice (8): Undefined index: id in [/var/www/cakephp/app/controllers/walls_controller.php, line 175]
2011-05-25 00:35:53 Notice: Notice (8): Undefined index: id in [/var/www/cakephp/app/controllers/walls_controller.php, line 176]
2011-05-25 00:37:15 Notice: Notice (8): Undefined index: id in [/var/www/cakephp/app/controllers/walls_controller.php, line 176]
2011-05-25 00:38:15 Notice: Notice (8): Undefined index: id in [/var/www/cakephp/app/controllers/walls_controller.php, line 176]
2011-05-25 00:39:42 Notice: Notice (8): Undefined index: id in [/var/www/cakephp/app/controllers/walls_controller.php, line 175]
2011-05-25 00:42:54 Notice: Notice (8): Undefined property: WallsController::$Wall in [/var/www/cakephp/app/controllers/walls_controller.php, line 142]
2011-05-25 00:43:27 Notice: Notice (8): Undefined property: WallsController::$Category in [/var/www/cakephp/app/controllers/walls_controller.php, line 136]
2011-05-25 00:43:54 Notice: Notice (8): Undefined variable: categorylist in [/var/www/cakephp/app/controllers/walls_controller.php, line 137]
2011-05-25 00:44:05 Notice: Notice (8): Undefined variable: categorylist in [/var/www/cakephp/app/controllers/walls_controller.php, line 137]
2011-05-25 00:44:05 Notice: Notice (8): Undefined index: category_id in [/var/www/cakephp/app/controllers/walls_controller.php, line 152]
2011-05-25 00:44:39 Notice: Notice (8): Undefined index: category_id in [/var/www/cakephp/app/controllers/walls_controller.php, line 152]
2011-05-26 23:45:56 Notice: Notice (8): Undefined index: rght in [/var/www/cakephp/cake/libs/model/behaviors/tree.php, line 113]
2011-05-26 23:46:00 Notice: Notice (8): Undefined index: rght in [/var/www/cakephp/cake/libs/model/behaviors/tree.php, line 113]
2011-05-26 23:46:03 Notice: Notice (8): Undefined index: rght in [/var/www/cakephp/cake/libs/model/behaviors/tree.php, line 113]
2011-05-26 23:46:06 Notice: Notice (8): Undefined index: rght in [/var/www/cakephp/cake/libs/model/behaviors/tree.php, line 113]
2011-05-26 23:46:08 Notice: Notice (8): Undefined index: rght in [/var/www/cakephp/cake/libs/model/behaviors/tree.php, line 113]
2011-05-26 23:46:10 Notice: Notice (8): Undefined index: rght in [/var/www/cakephp/cake/libs/model/behaviors/tree.php, line 113]
2011-05-26 23:46:20 Notice: Notice (8): Undefined index: rght in [/var/www/cakephp/cake/libs/model/behaviors/tree.php, line 113]
2011-05-26 23:46:24 Notice: Notice (8): Undefined index: rght in [/var/www/cakephp/cake/libs/model/behaviors/tree.php, line 113]
2011-05-26 23:46:26 Notice: Notice (8): Undefined index: rght in [/var/www/cakephp/cake/libs/model/behaviors/tree.php, line 113]
2011-05-26 23:46:29 Notice: Notice (8): Undefined index: rght in [/var/www/cakephp/cake/libs/model/behaviors/tree.php, line 113]
2011-05-26 23:46:31 Notice: Notice (8): Undefined index: rght in [/var/www/cakephp/cake/libs/model/behaviors/tree.php, line 113]
2011-05-26 23:46:34 Notice: Notice (8): Undefined index: rght in [/var/www/cakephp/cake/libs/model/behaviors/tree.php, line 113]
2011-05-26 23:46:36 Notice: Notice (8): Undefined index: rght in [/var/www/cakephp/cake/libs/model/behaviors/tree.php, line 113]
2011-05-26 23:50:04 Notice: Notice (8): Undefined property: View::$Nest in [/var/www/cakephp/app/views/walls/index.ctp, line 24]
2011-05-26 23:50:41 Notice: Notice (8): Undefined index: rght in [/var/www/cakephp/cake/libs/model/behaviors/tree.php, line 113]
2011-05-26 23:50:45 Notice: Notice (8): Undefined index: rght in [/var/www/cakephp/cake/libs/model/behaviors/tree.php, line 113]
2011-05-27 00:49:28 Notice: Notice (8): Undefined property: WallsController::$Walldebug in [/var/www/cakephp/app/controllers/walls_controller.php, line 133]
2011-05-27 00:50:09 Notice: Notice (8): Undefined property: WallsController::$Walldebug in [/var/www/cakephp/app/controllers/walls_controller.php, line 133]
2011-05-27 12:05:38 Notice: Notice (8): Undefined index: category_id in [/var/www/cakephp/app/models/wall.php, line 129]
2011-05-27 13:50:00 Notice: Notice (8): Undefined index: Category in [/var/www/cakephp/app/models/wall.php, line 129]
2011-05-27 13:51:16 Notice: Notice (8): Undefined index: Category in [/var/www/cakephp/app/models/wall.php, line 129]
2011-05-27 16:06:39 Notice: Notice (8): Undefined variable: debug in [/var/www/cakephp/app/models/wall.php, line 129]
2011-05-27 16:10:51 Notice: Notice (8): Undefined property: Wall::$Wall in [/var/www/cakephp/app/models/wall.php, line 131]
2011-05-27 16:10:51 Notice: Notice (8): Trying to get property of non-object in [/var/www/cakephp/app/models/wall.php, line 131]
2011-05-27 16:11:42 Notice: Notice (8): Undefined variable: data in [/var/www/cakephp/app/models/wall.php, line 131]
2011-05-27 16:11:42 Notice: Notice (8): Undefined property: Wall::$Wall in [/var/www/cakephp/app/models/wall.php, line 131]
2011-05-27 16:11:42 Notice: Notice (8): Trying to get property of non-object in [/var/www/cakephp/app/models/wall.php, line 131]
2011-05-27 18:08:23 Notice: Notice (8): Undefined index: Category in [/var/www/cakephp/app/models/wall.php, line 129]
2011-05-27 18:08:23 Notice: Notice (8): Undefined property: Category::$Category in [/var/www/cakephp/app/models/category.php, line 35]
2011-05-27 18:09:34 Notice: Notice (8): Undefined property: Category::$Category in [/var/www/cakephp/app/models/category.php, line 35]
2011-05-27 18:10:12 Notice: Notice (8): Undefined index: category_id in [/var/www/cakephp/app/models/category.php, line 35]
2011-05-27 18:10:12 Notice: Notice (8): Undefined property: Category::$Category in [/var/www/cakephp/app/models/category.php, line 48]
2011-05-27 18:31:03 Notice: Notice (8): Undefined index: id in [/var/www/cakephp/app/models/category.php, line 38]
2011-05-27 18:31:03 Notice: Notice (8): Undefined index: title in [/var/www/cakephp/app/views/categories/index.ctp, line 18]
2011-05-27 19:17:11 Notice: Notice (8): Undefined index: parent_id in [/var/www/cakephp/app/models/category.php, line 37]
2011-05-27 19:36:24 Notice: Notice (8): session_start() [http://php.net/function.session-start]: ps_files_cleanup_dir: opendir(/var/lib/php5) failed: Permission denied (13) in [/var/www/cakephp/cake/libs/cake_session.php, line 587]
2011-05-27 19:37:41 Notice: Notice (8): Undefined index: title in [/var/www/cakephp/app/views/categories/index.ctp, line 18]
2011-05-27 19:40:05 Notice: Notice (8): Undefined index: title in [/var/www/cakephp/app/views/categories/index.ctp, line 18]
2011-05-27 19:52:28 Notice: Notice (8): Undefined index: parent_id in [/var/www/cakephp/app/models/category.php, line 37]
2011-05-27 20:00:14 Notice: Notice (8): Undefined index: parent_id in [/var/www/cakephp/app/models/category.php, line 38]
2011-05-27 22:17:29 Notice: Notice (8): Undefined variable: fields in [/var/www/cakephp/app/models/wall.php, line 145]
2011-05-27 23:28:15 Notice: Notice (8): Undefined index: parent_id in [/var/www/cakephp/app/models/category.php, line 47]
2011-05-27 23:29:46 Notice: Notice (8): Undefined index: parent_id in [/var/www/cakephp/app/models/category.php, line 47]
2011-05-27 23:32:38 Notice: Notice (8): Undefined property: Category::$Category in [/var/www/cakephp/app/models/category.php, line 48]
2011-05-27 23:46:01 Notice: Notice (8): Undefined index: parent_id in [/var/www/cakephp/app/models/category.php, line 47]
2011-05-28 18:13:05 Notice: Notice (8): Undefined index: Wall in [/var/www/cakephp/app/models/wall.php, line 142]
2011-05-28 18:13:05 Notice: Notice (8): Undefined index: id in [/var/www/cakephp/app/models/category.php, line 44]
2011-05-28 18:13:06 Notice: Notice (8): Undefined index: parent_id in [/var/www/cakephp/app/models/category.php, line 49]
2011-05-28 18:16:47 Notice: Notice (8): Undefined index: id in [/var/www/cakephp/app/models/category.php, line 43]
2011-05-28 18:16:47 Notice: Notice (8): Undefined index: parent_id in [/var/www/cakephp/app/models/category.php, line 48]
2011-05-28 21:33:18 Notice: Notice (8): Undefined index: Wall in [/var/www/cakephp/app/models/wall.php, line 144]
2011-05-31 22:50:52 Notice: Notice (8): Undefined index: title in [/var/www/cakephp/app/views/categories/index.ctp, line 18]
2011-06-01 00:10:46 Notice: Notice (8): Undefined variable: content_for_layou in [/var/www/cakephp/app/views/layouts/default.ctp, line 39]
2011-06-01 00:10:46 Notice: Notice (8): Undefined variable: content_for_layou in [/var/www/cakephp/app/views/layouts/default.ctp, line 39]
2011-06-01 00:17:50 Notice: Notice (8): Undefined variable: pageTitle in [/var/www/cakephp/app/controllers/walls_controller.php, line 15]
2011-06-01 00:18:48 Notice: Notice (8): Undefined property: View::$pageTitle in [/var/www/cakephp/app/views/layouts/default.ctp, line 33]
2011-06-01 00:18:48 Notice: Notice (8): Undefined property: View::$pageTitle in [/var/www/cakephp/app/views/layouts/default.ctp, line 33]
2011-06-01 00:27:55 Notice: Notice (8): Undefined variable: downloads in [/var/www/cakephp/app/views/walls/index.ctp, line 36]
2011-06-01 02:37:32 Notice: Notice (8): Undefined variable: wall in [/var/www/cakephp/app/controllers/walls_controller.php, line 56]
2011-06-01 02:38:40 Notice: Notice (8): Undefined variable: wall in [/var/www/cakephp/app/controllers/walls_controller.php, line 63]
2011-06-01 02:38:41 Notice: Notice (8): Undefined variable: wall in [/var/www/cakephp/app/controllers/walls_controller.php, line 63]
2011-06-01 02:38:43 Notice: Notice (8): Undefined variable: wall in [/var/www/cakephp/app/controllers/walls_controller.php, line 63]
2011-06-01 02:46:14 Notice: Notice (8): Undefined index: category_id in [/var/www/cakephp/app/views/walls/edit.ctp, line 7]
2011-06-01 02:49:57 Notice: Notice (8): Undefined index: category_id in [/var/www/cakephp/app/views/walls/edit.ctp, line 7]
2011-06-01 02:55:57 Notice: Notice (8): Undefined index: category_id in [/var/www/cakephp/app/views/walls/edit.ctp, line 7]
2011-06-01 02:58:17 Notice: Notice (8): Undefined index: category_id in [/var/www/cakephp/app/views/walls/edit.ctp, line 7]
2011-06-01 03:00:42 Notice: Notice (8): Undefined index: category_id in [/var/www/cakephp/app/views/walls/edit.ctp, line 7]
2011-06-02 00:39:20 Notice: Notice (8): Undefined property: Category::$Category in [/var/www/cakephp/app/models/category.php, line 39]
2011-06-02 00:39:49 Notice: Notice (8): Undefined index: title in [/var/www/cakephp/app/views/categories/index.ctp, line 18]
2011-06-02 00:40:21 Notice: Notice (8): Undefined index: title in [/var/www/cakephp/app/views/categories/index.ctp, line 18]
2011-06-03 00:04:19 Notice: Notice (8): Undefined variable: wall in [/var/www/cakephp/app/views/walls/edit.ctp, line 10]
2011-06-08 00:11:51 Notice: Notice (8): Undefined variable: walls in [/var/www/cakephp/app/views/pages/home.ctp, line 22]
2011-06-08 00:11:51 Notice: Notice (8): Undefined variable: downloads in [/var/www/cakephp/app/views/pages/home.ctp, line 48]
2011-06-08 00:11:51 Notice: Notice (8): Undefined variable: walls in [/var/www/cakephp/app/views/pages/home.ctp, line 49]
2011-06-08 00:33:49 Notice: Notice (8): Undefined index: title in [/var/www/cakephp/app/views/categories/index.ctp, line 18]
2011-06-08 13:46:00 Notice: Notice (8): Undefined property: View::$Image in [/var/www/cakephp/app/views/pages/display.ctp, line 22]
2011-06-08 13:46:28 Notice: Notice (8): Undefined property: ThumbHelper::$themeWeb in [/var/www/cakephp/app/views/helpers/thumb.php, line 24]
2011-06-08 13:46:28 Notice: Notice (8): Undefined property: ThumbHelper::$themeWeb in [/var/www/cakephp/app/views/helpers/thumb.php, line 39]
2011-06-08 14:01:37 Notice: Notice (8): Undefined property: View::$Nest in [/var/www/cakephp/app/views/pages/display.ctp, line 24]
2011-06-08 14:03:09 Notice: Notice (8): Undefined property: View::$Nest in [/var/www/cakephp/app/views/pages/display.ctp, line 24]
2011-06-08 14:03:12 Notice: Notice (8): Undefined property: View::$Nest in [/var/www/cakephp/app/views/pages/display.ctp, line 24]
2011-06-08 14:03:15 Notice: Notice (8): Undefined property: View::$Nest in [/var/www/cakephp/app/views/pages/display.ctp, line 24]
2011-06-08 14:03:24 Notice: Notice (8): Undefined property: View::$Nest in [/var/www/cakephp/app/views/pages/display.ctp, line 24]
2011-06-08 14:04:30 Notice: Notice (8): Undefined property: View::$Nest in [/var/www/cakephp/app/views/pages/display.ctp, line 24]
2011-06-09 02:32:19 Notice: Notice (8): Undefined property: View::$Name in [/var/www/cakephp/app/views/elements/navmenu.ctp, line 2]
2011-06-09 02:32:19 Notice: Notice (8): Undefined property: View::$display in [/var/www/cakephp/app/views/elements/navmenu.ctp, line 2]
2011-06-09 02:32:19 Notice: Notice (8): Undefined property: View::$Name in [/var/www/cakephp/app/views/elements/navmenu.ctp, line 2]
2011-06-09 02:32:19 Notice: Notice (8): Undefined property: View::$display in [/var/www/cakephp/app/views/elements/navmenu.ctp, line 2]
2011-06-09 02:35:58 Notice: Notice (8): Undefined property: View::$display in [/var/www/cakephp/app/views/elements/navmenu.ctp, line 4]
2011-06-09 02:35:59 Notice: Notice (8): Undefined property: View::$display in [/var/www/cakephp/app/views/elements/navmenu.ctp, line 4]
2011-06-09 09:45:04 Notice: Notice (8): Undefined property: View::$Session in [/var/www/cakephp/app/views/layouts/default.ctp, line 40]
2011-06-09 09:45:04 Notice: Notice (8): Undefined property: View::$Session in [/var/www/cakephp/app/views/layouts/default.ctp, line 40]
2011-06-09 09:45:25 Notice: Notice (8): Undefined property: View::$Session in [/var/www/cakephp/app/views/layouts/default.ctp, line 40]
2011-06-09 09:45:25 Notice: Notice (8): Undefined property: View::$Session in [/var/www/cakephp/app/views/layouts/default.ctp, line 40]
2011-06-09 09:45:26 Notice: Notice (8): Undefined property: View::$Session in [/var/www/cakephp/app/views/layouts/default.ctp, line 40]
2011-06-09 09:45:26 Notice: Notice (8): Undefined property: View::$Session in [/var/www/cakephp/app/views/layouts/default.ctp, line 40]
2011-06-09 09:45:27 Notice: Notice (8): Undefined property: View::$Session in [/var/www/cakephp/app/views/layouts/default.ctp, line 40]
2011-06-09 09:45:27 Notice: Notice (8): Undefined property: View::$Session in [/var/www/cakephp/app/views/layouts/default.ctp, line 40]
2011-06-09 09:45:28 Notice: Notice (8): Undefined property: View::$Session in [/var/www/cakephp/app/views/layouts/default.ctp, line 40]
2011-06-09 09:45:28 Notice: Notice (8): Undefined property: View::$Session in [/var/www/cakephp/app/views/layouts/default.ctp, line 40]
2011-06-09 09:46:27 Notice: Notice (8): Undefined property: View::$Session in [/var/www/cakephp/app/views/layouts/default.ctp, line 40]
2011-06-09 09:46:27 Notice: Notice (8): Undefined property: View::$Session in [/var/www/cakephp/app/views/layouts/default.ctp, line 40]
2011-06-09 09:46:28 Notice: Notice (8): Undefined property: View::$Session in [/var/www/cakephp/app/views/layouts/default.ctp, line 40]
2011-06-09 09:46:28 Notice: Notice (8): Undefined property: View::$Session in [/var/www/cakephp/app/views/layouts/default.ctp, line 40]
2011-06-09 09:56:35 Notice: Notice (8): Undefined property: View::$menu in [/var/www/cakephp/app/views/elements/navmenu.ctp, line 3]
2011-06-09 09:56:35 Notice: Notice (8): Undefined property: View::$menu in [/var/www/cakephp/app/views/elements/navmenu.ctp, line 3]
2011-06-09 11:00:39 Notice: Notice (8): Undefined variable: type in [/var/www/cakephp/app/views/helpers/menu.php, line 22]
2011-06-09 11:00:39 Notice: Notice (8): Undefined index:  in [/var/www/cakephp/app/views/helpers/menu.php, line 22]
2011-06-09 11:00:39 Notice: Notice (8): Undefined variable: type in [/var/www/cakephp/app/views/helpers/menu.php, line 22]
2011-06-09 11:00:39 Notice: Notice (8): Undefined index:  in [/var/www/cakephp/app/views/helpers/menu.php, line 22]
2011-06-09 11:05:15 Notice: Notice (8): Undefined property: MenuHelper::$name in [/var/www/cakephp/app/views/helpers/menu.php, line 14]
2011-06-09 11:05:15 Notice: Notice (8): Undefined property: MenuHelper::$name in [/var/www/cakephp/app/views/helpers/menu.php, line 14]
2011-06-09 11:09:27 Notice: Notice (8): Undefined index: controller in [/var/www/cakephp/app/views/helpers/menu.php, line 18]
2011-06-09 11:09:27 Notice: Notice (8): Undefined index: controller in [/var/www/cakephp/app/views/helpers/menu.php, line 18]
2011-06-09 11:11:30 Notice: Notice (8): Undefined index: controller in [/var/www/cakephp/app/views/helpers/menu.php, line 13]
2011-06-09 11:11:30 Notice: Notice (8): Undefined index: controller in [/var/www/cakephp/app/views/helpers/menu.php, line 13]
2011-06-11 21:25:01 Notice: Notice (8): Undefined index: Category in [/var/www/cakephp/app/app_model.php, line 119]
2011-06-11 21:26:00 Notice: Notice (8): Undefined index: Category in [/var/www/cakephp/app/app_model.php, line 119]
2011-06-11 21:26:43 Notice: Notice (8): Undefined index: Category in [/var/www/cakephp/app/app_model.php, line 119]
2011-06-11 21:34:19 Notice: Notice (8): Undefined index: Category in [/var/www/cakephp/app/app_model.php, line 119]
2011-06-11 21:35:30 Notice: Notice (8): Undefined index: Category in [/var/www/cakephp/app/app_model.php, line 119]
2011-09-23 01:59:09 Notice: Notice (8): Undefined variable: id in [/var/www/cakephp/app/controllers/walls_controller.php, line 112]
2011-09-23 01:59:09 Notice: Notice (8): Undefined variable: id in [/var/www/cakephp/app/controllers/walls_controller.php, line 116]
2012-11-16 15:56:57 Notice: Notice (8): Undefined variable: wall in [/var/www/cakephp/app/views/categories/view.ctp, line 3]
2012-11-16 15:56:57 Notice: Notice (8): Undefined variable: wall in [/var/www/cakephp/app/views/categories/view.ctp, line 5]
2012-11-16 15:56:57 Notice: Notice (8): Undefined variable: wall in [/var/www/cakephp/app/views/categories/view.ctp, line 7]
2012-11-16 15:56:57 Notice: Notice (8): Undefined variable: category in [/var/www/cakephp/app/views/categories/view.ctp, line 9]
2012-11-16 15:56:57 Notice: Notice (8): Undefined variable: category in [/var/www/cakephp/app/views/categories/view.ctp, line 10]
2012-11-16 15:57:00 Notice: Notice (8): Undefined variable: wall in [/var/www/cakephp/app/views/categories/view.ctp, line 3]
2012-11-16 15:57:00 Notice: Notice (8): Undefined variable: wall in [/var/www/cakephp/app/views/categories/view.ctp, line 5]
2012-11-16 15:57:00 Notice: Notice (8): Undefined variable: wall in [/var/www/cakephp/app/views/categories/view.ctp, line 7]
2012-11-16 15:57:00 Notice: Notice (8): Undefined variable: category in [/var/www/cakephp/app/views/categories/view.ctp, line 9]
2012-11-16 15:57:00 Notice: Notice (8): Undefined variable: category in [/var/www/cakephp/app/views/categories/view.ctp, line 10]
2012-11-16 16:10:38 Notice: Notice (8): Undefined index:  id in [/home/maxmahem/webwalls/models/category.php, line 51]
2012-11-16 16:10:38 Notice: Notice (8): Undefined index:  parent_id in [/home/maxmahem/webwalls/models/category.php, line 56]
2012-11-16 16:18:03 Notice: Notice (8): Undefined index:  id in [/home/maxmahem/webwalls/models/category.php, line 51]
2012-11-16 16:18:03 Notice: Notice (8): Undefined index:  parent_id in [/home/maxmahem/webwalls/models/category.php, line 56]
2012-11-16 16:18:10 Notice: Notice (8): Undefined index:  id in [/home/maxmahem/webwalls/models/category.php, line 51]
2012-11-16 16:18:10 Notice: Notice (8): Undefined index:  parent_id in [/home/maxmahem/webwalls/models/category.php, line 56]
