2011-05-10 01:05:05 Warning: Warning (512): <span style="color:Red;text-align:left"><b>SQL Error:</b> 1054: Unknown column 'random' in 'where clause'</span> in [/var/www/cakephp/cake/libs/model/datasources/dbo_source.php, line 684]
2011-05-10 01:05:05 Warning: Warning (2): Invalid argument supplied for foreach() in [/var/www/cakephp/app/views/walls/index.ctp, line 14]
2011-05-10 03:25:14 Warning: Warning (2): dirname() expects parameter 1 to be string, array given in [/var/www/cakephp/cake/libs/file.php, line 99]
2011-05-10 03:25:14 Warning: Warning (2): is_dir() expects parameter 1 to be string, array given in [/var/www/cakephp/cake/libs/file.php, line 100]
2011-05-10 03:25:14 Warning: Warning (2): basename() expects parameter 1 to be string, array given in [/var/www/cakephp/cake/libs/file.php, line 101]
2011-05-10 03:26:07 Warning: Warning (2): dirname() expects parameter 1 to be string, array given in [/var/www/cakephp/cake/libs/file.php, line 99]
2011-05-10 03:26:07 Warning: Warning (2): is_dir() expects parameter 1 to be string, array given in [/var/www/cakephp/cake/libs/file.php, line 100]
2011-05-10 03:26:07 Warning: Warning (2): basename() expects parameter 1 to be string, array given in [/var/www/cakephp/cake/libs/file.php, line 101]
2011-05-10 03:28:26 Warning: Warning (2): dirname() expects parameter 1 to be string, array given in [/var/www/cakephp/cake/libs/file.php, line 99]
2011-05-10 03:28:26 Warning: Warning (2): is_dir() expects parameter 1 to be string, array given in [/var/www/cakephp/cake/libs/file.php, line 100]
2011-05-10 03:28:26 Warning: Warning (2): basename() expects parameter 1 to be string, array given in [/var/www/cakephp/cake/libs/file.php, line 101]
2011-05-10 03:29:56 Warning: Warning (2): dirname() expects parameter 1 to be string, array given in [/var/www/cakephp/cake/libs/file.php, line 99]
2011-05-10 03:29:56 Warning: Warning (2): is_dir() expects parameter 1 to be string, array given in [/var/www/cakephp/cake/libs/file.php, line 100]
2011-05-10 03:29:56 Warning: Warning (2): basename() expects parameter 1 to be string, array given in [/var/www/cakephp/cake/libs/file.php, line 101]
2011-05-10 03:30:08 Warning: Warning (2): dirname() expects parameter 1 to be string, array given in [/var/www/cakephp/cake/libs/file.php, line 99]
2011-05-10 03:30:08 Warning: Warning (2): is_dir() expects parameter 1 to be string, array given in [/var/www/cakephp/cake/libs/file.php, line 100]
2011-05-10 03:30:08 Warning: Warning (2): basename() expects parameter 1 to be string, array given in [/var/www/cakephp/cake/libs/file.php, line 101]
2011-05-10 03:30:35 Warning: Warning (2): dirname() expects parameter 1 to be string, array given in [/var/www/cakephp/cake/libs/file.php, line 99]
2011-05-10 03:30:35 Warning: Warning (2): is_dir() expects parameter 1 to be string, array given in [/var/www/cakephp/cake/libs/file.php, line 100]
2011-05-10 03:30:35 Warning: Warning (2): basename() expects parameter 1 to be string, array given in [/var/www/cakephp/cake/libs/file.php, line 101]
2011-05-10 03:35:14 Warning: Warning (2): dirname() expects parameter 1 to be string, array given in [/var/www/cakephp/cake/libs/file.php, line 99]
2011-05-10 03:35:14 Warning: Warning (2): is_dir() expects parameter 1 to be string, array given in [/var/www/cakephp/cake/libs/file.php, line 100]
2011-05-10 03:35:14 Warning: Warning (2): basename() expects parameter 1 to be string, array given in [/var/www/cakephp/cake/libs/file.php, line 101]
2011-05-10 03:40:05 Warning: Warning (2): dirname() expects parameter 1 to be string, array given in [/var/www/cakephp/cake/libs/file.php, line 99]
2011-05-10 03:40:05 Warning: Warning (2): is_dir() expects parameter 1 to be string, array given in [/var/www/cakephp/cake/libs/file.php, line 100]
2011-05-10 03:40:05 Warning: Warning (2): basename() expects parameter 1 to be string, array given in [/var/www/cakephp/cake/libs/file.php, line 101]
2011-05-11 21:37:21 Warning: Warning (2): Division by zero in [/var/www/cakephp/app/controllers/walls_controller.php, line 77]
2011-05-11 21:37:21 Warning: Warning (2): Division by zero in [/var/www/cakephp/app/controllers/walls_controller.php, line 78]
2011-05-11 21:37:21 Warning: Warning (2): Cannot modify header information - headers already sent by (output started at /var/www/cakephp/cake/libs/debugger.php:673) in [/var/www/cakephp/cake/libs/controller/controller.php, line 742]
2011-05-11 21:38:49 Warning: Warning (2): Division by zero in [/var/www/cakephp/app/controllers/walls_controller.php, line 77]
2011-05-11 21:38:49 Warning: Warning (2): Division by zero in [/var/www/cakephp/app/controllers/walls_controller.php, line 78]
2011-05-11 21:38:49 Warning: Warning (2): Cannot modify header information - headers already sent by (output started at /var/www/cakephp/cake/libs/debugger.php:673) in [/var/www/cakephp/cake/libs/controller/controller.php, line 742]
2011-05-11 21:39:31 Warning: Warning (2): Division by zero in [/var/www/cakephp/app/controllers/walls_controller.php, line 77]
2011-05-11 21:39:31 Warning: Warning (2): Division by zero in [/var/www/cakephp/app/controllers/walls_controller.php, line 78]
2011-05-11 21:39:31 Warning: Warning (2): Cannot modify header information - headers already sent by (output started at /var/www/cakephp/cake/libs/debugger.php:673) in [/var/www/cakephp/cake/libs/controller/controller.php, line 742]
2011-05-11 21:40:54 Warning: Warning (2): Division by zero in [/var/www/cakephp/app/controllers/walls_controller.php, line 77]
2011-05-11 21:40:54 Warning: Warning (2): Division by zero in [/var/www/cakephp/app/controllers/walls_controller.php, line 78]
2011-05-11 21:40:54 Warning: Warning (2): Cannot modify header information - headers already sent by (output started at /var/www/cakephp/cake/libs/debugger.php:673) in [/var/www/cakephp/cake/libs/controller/controller.php, line 742]
2011-05-12 00:07:02 Warning: Warning (512): <span style="color:Red;text-align:left"><b>SQL Error:</b> 1062: Duplicate entry 'f228d8eac9cf7963cd86a4b6f89f6a53' for key 'md5'</span> in [/var/www/cakephp/cake/libs/model/datasources/dbo_source.php, line 684]
2011-05-12 01:00:21 Warning: Warning (2): getimagesize() [http://php.net/function.getimagesize]: Filename cannot be empty in [/var/www/cakephp/app/controllers/walls_controller.php, line 67]
2011-05-12 01:00:21 Warning: Warning (2): md5_file() [http://php.net/function.md5-file]: Filename cannot be empty in [/var/www/cakephp/app/controllers/walls_controller.php, line 70]
2011-05-12 01:00:21 Warning: Warning (2): Division by zero in [/var/www/cakephp/app/controllers/walls_controller.php, line 78]
2011-05-12 01:00:21 Warning: Warning (2): Division by zero in [/var/www/cakephp/app/controllers/walls_controller.php, line 79]
2011-05-12 01:14:03 Warning: Warning (2): getimagesize() [http://php.net/function.getimagesize]: Filename cannot be empty in [/var/www/cakephp/app/controllers/walls_controller.php, line 67]
2011-05-12 01:14:03 Warning: Warning (2): md5_file() [http://php.net/function.md5-file]: Filename cannot be empty in [/var/www/cakephp/app/controllers/walls_controller.php, line 70]
2011-05-12 01:14:03 Warning: Warning (2): Division by zero in [/var/www/cakephp/app/controllers/walls_controller.php, line 78]
2011-05-12 01:14:03 Warning: Warning (2): Division by zero in [/var/www/cakephp/app/controllers/walls_controller.php, line 79]
2011-05-12 01:15:29 Warning: Warning (2): getimagesize() [http://php.net/function.getimagesize]: Filename cannot be empty in [/var/www/cakephp/app/controllers/walls_controller.php, line 67]
2011-05-12 01:15:29 Warning: Warning (2): md5_file() [http://php.net/function.md5-file]: Filename cannot be empty in [/var/www/cakephp/app/controllers/walls_controller.php, line 70]
2011-05-12 01:15:29 Warning: Warning (2): Division by zero in [/var/www/cakephp/app/controllers/walls_controller.php, line 78]
2011-05-12 01:15:29 Warning: Warning (2): Division by zero in [/var/www/cakephp/app/controllers/walls_controller.php, line 79]
2011-05-12 01:16:30 Warning: Warning (2): getimagesize() [http://php.net/function.getimagesize]: Filename cannot be empty in [/var/www/cakephp/app/controllers/walls_controller.php, line 67]
2011-05-12 01:16:30 Warning: Warning (2): md5_file() [http://php.net/function.md5-file]: Filename cannot be empty in [/var/www/cakephp/app/controllers/walls_controller.php, line 70]
2011-05-12 01:16:30 Warning: Warning (2): Division by zero in [/var/www/cakephp/app/controllers/walls_controller.php, line 78]
2011-05-12 01:16:30 Warning: Warning (2): Division by zero in [/var/www/cakephp/app/controllers/walls_controller.php, line 79]
2011-05-13 00:13:14 Warning: Warning (2): getimagesize() [http://php.net/function.getimagesize]: Filename cannot be empty in [/var/www/cakephp/app/controllers/walls_controller.php, line 67]
2011-05-13 00:13:14 Warning: Warning (2): md5_file() [http://php.net/function.md5-file]: Filename cannot be empty in [/var/www/cakephp/app/controllers/walls_controller.php, line 70]
2011-05-13 00:13:14 Warning: Warning (2): Division by zero in [/var/www/cakephp/app/controllers/walls_controller.php, line 78]
2011-05-13 00:13:14 Warning: Warning (2): Division by zero in [/var/www/cakephp/app/controllers/walls_controller.php, line 79]
2011-05-13 00:13:14 Warning: Warning (512): <span style="color:Red;text-align:left"><b>SQL Error:</b> 1048: Column 'size_x' cannot be null</span> in [/var/www/cakephp/cake/libs/model/datasources/dbo_source.php, line 684]
2011-05-13 00:13:51 Warning: Warning (2): getimagesize() [http://php.net/function.getimagesize]: Filename cannot be empty in [/var/www/cakephp/app/controllers/walls_controller.php, line 67]
2011-05-13 00:13:51 Warning: Warning (2): md5_file() [http://php.net/function.md5-file]: Filename cannot be empty in [/var/www/cakephp/app/controllers/walls_controller.php, line 70]
2011-05-13 00:13:51 Warning: Warning (2): Division by zero in [/var/www/cakephp/app/controllers/walls_controller.php, line 78]
2011-05-13 00:13:51 Warning: Warning (2): Division by zero in [/var/www/cakephp/app/controllers/walls_controller.php, line 79]
2011-05-13 00:13:51 Warning: Warning (512): <span style="color:Red;text-align:left"><b>SQL Error:</b> 1048: Column 'size_x' cannot be null</span> in [/var/www/cakephp/cake/libs/model/datasources/dbo_source.php, line 684]
2011-05-14 00:16:58 Warning: Warning (2): preg_match() [http://php.net/function.preg-match]: Unknown modifier '/' in [/var/www/cakephp/app/controllers/walls_controller.php, line 70]
2011-05-14 00:26:01 Warning: Warning (2): Division by zero in [/var/www/cakephp/app/controllers/walls_controller.php, line 92]
2011-05-14 00:26:01 Warning: Warning (2): Division by zero in [/var/www/cakephp/app/controllers/walls_controller.php, line 93]
2011-05-14 01:47:57 Warning: Warning (2): getimagesize() [http://php.net/function.getimagesize]: Filename cannot be empty in [/var/www/cakephp/app/controllers/walls_controller.php, line 63]
2011-05-14 01:48:01 Warning: Warning (2): getimagesize() [http://php.net/function.getimagesize]: Filename cannot be empty in [/var/www/cakephp/app/controllers/walls_controller.php, line 63]
2011-05-14 01:48:03 Warning: Warning (2): getimagesize() [http://php.net/function.getimagesize]: Filename cannot be empty in [/var/www/cakephp/app/controllers/walls_controller.php, line 63]
2011-05-14 03:06:43 Warning: Warning (2): getimagesize() [http://php.net/function.getimagesize]: Filename cannot be empty in [/var/www/cakephp/app/controllers/walls_controller.php, line 64]
2011-05-14 03:06:43 Warning: Warning (2): md5_file() [http://php.net/function.md5-file]: Filename cannot be empty in [/var/www/cakephp/app/controllers/walls_controller.php, line 70]
2011-05-14 03:06:43 Warning: Warning (2): Division by zero in [/var/www/cakephp/app/controllers/walls_controller.php, line 123]
2011-05-14 03:06:43 Warning: Warning (2): Division by zero in [/var/www/cakephp/app/controllers/walls_controller.php, line 124]
2011-05-14 03:12:21 Warning: Warning (2): getimagesize() [http://php.net/function.getimagesize]: Filename cannot be empty in [/var/www/cakephp/app/controllers/walls_controller.php, line 64]
2011-05-14 03:12:21 Warning: Warning (2): md5_file() [http://php.net/function.md5-file]: Filename cannot be empty in [/var/www/cakephp/app/controllers/walls_controller.php, line 70]
2011-05-14 03:12:21 Warning: Warning (2): Division by zero in [/var/www/cakephp/app/controllers/walls_controller.php, line 123]
2011-05-14 03:12:21 Warning: Warning (2): Division by zero in [/var/www/cakephp/app/controllers/walls_controller.php, line 124]
2011-05-14 03:12:21 Warning: Warning (512): <span style="color:Red;text-align:left"><b>SQL Error:</b> 1048: Column 'size_x' cannot be null</span> in [/var/www/cakephp/cake/libs/model/datasources/dbo_source.php, line 684]
2011-05-14 03:17:41 Warning: Warning (2): getimagesize() [http://php.net/function.getimagesize]: Filename cannot be empty in [/var/www/cakephp/app/controllers/walls_controller.php, line 64]
2011-05-14 03:17:41 Warning: Warning (2): md5_file() [http://php.net/function.md5-file]: Filename cannot be empty in [/var/www/cakephp/app/controllers/walls_controller.php, line 70]
2011-05-14 03:17:41 Warning: Warning (2): Division by zero in [/var/www/cakephp/app/controllers/walls_controller.php, line 123]
2011-05-14 03:17:41 Warning: Warning (2): Division by zero in [/var/www/cakephp/app/controllers/walls_controller.php, line 124]
2011-05-14 03:26:43 Warning: Warning (2): getimagesize() [http://php.net/function.getimagesize]: Filename cannot be empty in [/var/www/cakephp/app/controllers/walls_controller.php, line 64]
2011-05-14 03:26:43 Warning: Warning (2): md5_file() [http://php.net/function.md5-file]: Filename cannot be empty in [/var/www/cakephp/app/controllers/walls_controller.php, line 70]
2011-05-14 03:26:43 Warning: Warning (2): Division by zero in [/var/www/cakephp/app/controllers/walls_controller.php, line 123]
2011-05-14 03:26:43 Warning: Warning (2): Division by zero in [/var/www/cakephp/app/controllers/walls_controller.php, line 124]
2011-05-14 03:28:12 Warning: Warning (2): getimagesize() [http://php.net/function.getimagesize]: Filename cannot be empty in [/var/www/cakephp/app/controllers/walls_controller.php, line 64]
2011-05-14 03:28:12 Warning: Warning (2): md5_file() [http://php.net/function.md5-file]: Filename cannot be empty in [/var/www/cakephp/app/controllers/walls_controller.php, line 70]
2011-05-14 03:28:12 Warning: Warning (2): Division by zero in [/var/www/cakephp/app/controllers/walls_controller.php, line 123]
2011-05-14 03:28:12 Warning: Warning (2): Division by zero in [/var/www/cakephp/app/controllers/walls_controller.php, line 124]
2011-05-14 03:28:15 Warning: Warning (2): getimagesize() [http://php.net/function.getimagesize]: Filename cannot be empty in [/var/www/cakephp/app/controllers/walls_controller.php, line 64]
2011-05-14 03:28:15 Warning: Warning (2): md5_file() [http://php.net/function.md5-file]: Filename cannot be empty in [/var/www/cakephp/app/controllers/walls_controller.php, line 70]
2011-05-14 03:28:15 Warning: Warning (2): Division by zero in [/var/www/cakephp/app/controllers/walls_controller.php, line 123]
2011-05-14 03:28:15 Warning: Warning (2): Division by zero in [/var/www/cakephp/app/controllers/walls_controller.php, line 124]
2011-05-14 03:28:50 Warning: Warning (2): getimagesize() [http://php.net/function.getimagesize]: Filename cannot be empty in [/var/www/cakephp/app/controllers/walls_controller.php, line 64]
2011-05-14 03:28:50 Warning: Warning (2): md5_file() [http://php.net/function.md5-file]: Filename cannot be empty in [/var/www/cakephp/app/controllers/walls_controller.php, line 70]
2011-05-14 03:28:50 Warning: Warning (2): Division by zero in [/var/www/cakephp/app/controllers/walls_controller.php, line 123]
2011-05-14 03:28:50 Warning: Warning (2): Division by zero in [/var/www/cakephp/app/controllers/walls_controller.php, line 124]
2011-05-14 03:35:47 Warning: Warning (2): getimagesize() [http://php.net/function.getimagesize]: Filename cannot be empty in [/var/www/cakephp/app/controllers/walls_controller.php, line 64]
2011-05-14 03:35:47 Warning: Warning (2): md5_file() [http://php.net/function.md5-file]: Filename cannot be empty in [/var/www/cakephp/app/controllers/walls_controller.php, line 70]
2011-05-14 03:35:47 Warning: Warning (2): Division by zero in [/var/www/cakephp/app/controllers/walls_controller.php, line 123]
2011-05-14 03:35:47 Warning: Warning (2): Division by zero in [/var/www/cakephp/app/controllers/walls_controller.php, line 124]
2011-05-14 05:25:50 Warning: Warning (2): Division by zero in [/var/www/cakephp/app/controllers/walls_controller.php, line 121]
2011-05-14 05:25:50 Warning: Warning (2): Division by zero in [/var/www/cakephp/app/controllers/walls_controller.php, line 133]
2011-05-14 05:25:50 Warning: Warning (2): Division by zero in [/var/www/cakephp/app/controllers/walls_controller.php, line 134]
2011-05-14 05:25:50 Warning: Warning (512): <span style="color:Red;text-align:left"><b>SQL Error:</b> 1048: Column 'size_x' cannot be null</span> in [/var/www/cakephp/cake/libs/model/datasources/dbo_source.php, line 684]
2011-05-14 05:30:23 Warning: Warning (2): Division by zero in [/var/www/cakephp/app/controllers/walls_controller.php, line 121]
2011-05-14 05:30:23 Warning: Warning (2): Division by zero in [/var/www/cakephp/app/controllers/walls_controller.php, line 133]
2011-05-14 05:30:23 Warning: Warning (2): Division by zero in [/var/www/cakephp/app/controllers/walls_controller.php, line 134]
2011-05-14 05:31:33 Warning: Warning (2): Division by zero in [/var/www/cakephp/app/controllers/walls_controller.php, line 121]
2011-05-14 05:31:33 Warning: Warning (2): Division by zero in [/var/www/cakephp/app/controllers/walls_controller.php, line 133]
2011-05-14 05:31:33 Warning: Warning (2): Division by zero in [/var/www/cakephp/app/controllers/walls_controller.php, line 134]
2011-05-14 06:29:12 Warning: Warning (2): Division by zero in [/var/www/cakephp/app/controllers/walls_controller.php, line 123]
2011-05-14 06:29:12 Warning: Warning (2): Division by zero in [/var/www/cakephp/app/controllers/walls_controller.php, line 135]
2011-05-14 06:29:12 Warning: Warning (2): Division by zero in [/var/www/cakephp/app/controllers/walls_controller.php, line 136]
2011-05-14 07:12:05 Warning: Warning (2): Division by zero in [/var/www/cakephp/app/controllers/walls_controller.php, line 123]
2011-05-14 07:12:05 Warning: Warning (2): Division by zero in [/var/www/cakephp/app/controllers/walls_controller.php, line 135]
2011-05-14 07:12:05 Warning: Warning (2): Division by zero in [/var/www/cakephp/app/controllers/walls_controller.php, line 136]
2011-05-14 07:13:48 Warning: Warning (2): Division by zero in [/var/www/cakephp/app/controllers/walls_controller.php, line 123]
2011-05-14 07:13:48 Warning: Warning (2): Division by zero in [/var/www/cakephp/app/controllers/walls_controller.php, line 135]
2011-05-14 07:13:48 Warning: Warning (2): Division by zero in [/var/www/cakephp/app/controllers/walls_controller.php, line 136]
2011-05-14 07:17:34 Warning: Warning (2): exif_imagetype() [http://php.net/function.exif-imagetype]: Filename cannot be empty in [/var/www/cakephp/app/models/wall.php, line 89]
2011-05-14 07:17:34 Warning: Warning (2): getimagesize() [http://php.net/function.getimagesize]: Filename cannot be empty in [/var/www/cakephp/app/controllers/walls_controller.php, line 70]
2011-05-14 07:17:34 Warning: Warning (2): md5_file() [http://php.net/function.md5-file]: Filename cannot be empty in [/var/www/cakephp/app/controllers/walls_controller.php, line 75]
2011-05-14 07:17:34 Warning: Warning (2): Division by zero in [/var/www/cakephp/app/controllers/walls_controller.php, line 123]
2011-05-14 07:17:34 Warning: Warning (2): Division by zero in [/var/www/cakephp/app/controllers/walls_controller.php, line 135]
2011-05-14 07:17:34 Warning: Warning (2): Division by zero in [/var/www/cakephp/app/controllers/walls_controller.php, line 136]
2011-05-14 07:19:01 Warning: Warning (2): getimagesize() [http://php.net/function.getimagesize]: Filename cannot be empty in [/var/www/cakephp/app/controllers/walls_controller.php, line 70]
2011-05-14 07:19:01 Warning: Warning (2): md5_file() [http://php.net/function.md5-file]: Filename cannot be empty in [/var/www/cakephp/app/controllers/walls_controller.php, line 75]
2011-05-14 07:19:01 Warning: Warning (2): Division by zero in [/var/www/cakephp/app/controllers/walls_controller.php, line 123]
2011-05-14 07:19:01 Warning: Warning (2): Division by zero in [/var/www/cakephp/app/controllers/walls_controller.php, line 135]
2011-05-14 07:19:01 Warning: Warning (2): Division by zero in [/var/www/cakephp/app/controllers/walls_controller.php, line 136]
2011-05-14 08:17:33 Warning: Warning (512): <span style="color:Red;text-align:left"><b>SQL Error:</b> 1062: Duplicate entry '' for key 'md5'</span> in [/var/www/cakephp/cake/libs/model/datasources/dbo_source.php, line 684]
2011-05-18 21:48:08 Warning: Warning (2): Invalid argument supplied for foreach() in [/var/www/cakephp/app/controllers/categories_controller.php, line 24]
2011-05-18 23:47:46 Warning: Warning (512): <span style="color:Red;text-align:left"><b>SQL Error:</b> 1452: Cannot add or update a child row: a foreign key constraint fails (`WebWall`.`walls`, CONSTRAINT `fk_category` FOREIGN KEY (`category_id`) REFERENCES `categories` (`id`))</span> in [/var/www/cakephp/cake/libs/model/datasources/dbo_source.php, line 684]
2011-05-19 01:51:54 Warning: Warning (2): Invalid argument supplied for foreach() in [/var/www/cakephp/app/controllers/walls_controller.php, line 194]
2011-05-19 21:53:20 Warning: Warning (2): Invalid argument supplied for foreach() in [/var/www/cakephp/app/views/categories/index.ctp, line 7]
2011-05-19 21:53:45 Warning: Warning (2): Invalid argument supplied for foreach() in [/var/www/cakephp/app/views/categories/index.ctp, line 7]
2011-05-19 21:53:46 Warning: Warning (2): Invalid argument supplied for foreach() in [/var/www/cakephp/app/views/categories/index.ctp, line 7]
2011-05-20 00:53:43 Warning: Warning (2): array_combine() [http://php.net/function.array-combine]: Both parameters should have an equal number of elements in [/var/www/cakephp/cake/libs/controller/controller.php, line 760]
2011-05-20 00:54:23 Warning: Warning (2): array_unshift() expects parameter 1 to be array, null given in [/var/www/cakephp/app/controllers/categories_controller.php, line 39]
2011-05-20 02:12:02 Warning: Warning (2): Invalid argument supplied for foreach() in [/var/www/cakephp/app/views/categories/index.ctp, line 15]
2011-05-20 02:15:41 Warning: Warning (2): Invalid argument supplied for foreach() in [/var/www/cakephp/app/views/categories/index.ctp, line 15]
2011-05-20 02:15:42 Warning: Warning (2): Invalid argument supplied for foreach() in [/var/www/cakephp/app/views/categories/index.ctp, line 15]
2011-05-20 20:19:25 Warning: Warning (512): Could not find validation handler validateLeaf for title in [/var/www/cakephp/cake/libs/model/model.php, line 2613]
2011-05-20 20:19:25 Warning: Warning (2): Cannot modify header information - headers already sent by (output started at /var/www/cakephp/cake/libs/debugger.php:673) in [/var/www/cakephp/cake/libs/controller/controller.php, line 742]
2011-05-21 05:25:04 Warning: Warning (2): Invalid argument supplied for foreach() in [/var/www/cakephp/app/controllers/walls_controller.php, line 24]
2011-05-21 05:25:04 Warning: Warning (2): Invalid argument supplied for foreach() in [/var/www/cakephp/app/views/walls/index.ctp, line 20]
2011-05-21 05:30:26 Warning: Warning (512): <span style="color:Red;text-align:left"><b>SQL Error:</b> 1054: Unknown column 'Category.title' in 'where clause'</span> in [/var/www/cakephp/cake/libs/model/datasources/dbo_source.php, line 684]
2011-05-21 05:30:26 Warning: Warning (2): Invalid argument supplied for foreach() in [/var/www/cakephp/app/controllers/walls_controller.php, line 25]
2011-05-21 05:30:26 Warning: Warning (2): Invalid argument supplied for foreach() in [/var/www/cakephp/app/views/walls/index.ctp, line 20]
2011-05-21 05:30:55 Warning: Warning (2): Invalid argument supplied for foreach() in [/var/www/cakephp/app/controllers/walls_controller.php, line 25]
2011-05-21 05:30:55 Warning: Warning (2): Invalid argument supplied for foreach() in [/var/www/cakephp/app/views/walls/index.ctp, line 20]
2011-05-21 05:35:49 Warning: Warning (2): Invalid argument supplied for foreach() in [/var/www/cakephp/app/controllers/walls_controller.php, line 27]
2011-05-21 05:35:49 Warning: Warning (2): Invalid argument supplied for foreach() in [/var/www/cakephp/app/views/walls/index.ctp, line 20]
2011-05-21 05:35:55 Warning: Warning (2): Invalid argument supplied for foreach() in [/var/www/cakephp/app/controllers/walls_controller.php, line 27]
2011-05-21 05:35:55 Warning: Warning (2): Invalid argument supplied for foreach() in [/var/www/cakephp/app/views/walls/index.ctp, line 20]
2011-05-21 05:36:20 Warning: Warning (2): Invalid argument supplied for foreach() in [/var/www/cakephp/app/controllers/walls_controller.php, line 27]
2011-05-21 05:36:20 Warning: Warning (2): Invalid argument supplied for foreach() in [/var/www/cakephp/app/views/walls/index.ctp, line 20]
2011-05-21 06:07:21 Warning: Warning (512): Model "Category" is not associated with model "Category" in [/var/www/cakephp/cake/libs/model/behaviors/containable.php, line 363]
2011-05-21 06:07:33 Warning: Warning (512): Model "Category" is not associated with model "Category" in [/var/www/cakephp/cake/libs/model/behaviors/containable.php, line 363]
2011-05-21 06:07:36 Warning: Warning (512): Model "Category" is not associated with model "Category" in [/var/www/cakephp/cake/libs/model/behaviors/containable.php, line 363]
2011-05-21 06:12:10 Warning: Warning (512): Model "Category" is not associated with model "Category" in [/var/www/cakephp/cake/libs/model/behaviors/containable.php, line 363]
2011-05-22 00:10:47 Warning: Warning (2): Invalid argument supplied for foreach() in [/var/www/cakephp/app/controllers/categories_controller.php, line 66]
2011-05-22 00:10:47 Warning: Warning (2): Invalid argument supplied for foreach() in [/var/www/cakephp/app/views/categories/index.ctp, line 14]
2011-05-22 00:11:23 Warning: Warning (2): Invalid argument supplied for foreach() in [/var/www/cakephp/app/controllers/categories_controller.php, line 66]
2011-05-22 00:11:23 Warning: Warning (2): Invalid argument supplied for foreach() in [/var/www/cakephp/app/views/categories/index.ctp, line 14]
2011-05-22 00:11:25 Warning: Warning (2): Invalid argument supplied for foreach() in [/var/www/cakephp/app/controllers/categories_controller.php, line 66]
2011-05-22 00:11:25 Warning: Warning (2): Invalid argument supplied for foreach() in [/var/www/cakephp/app/views/categories/index.ctp, line 14]
2011-05-22 00:11:50 Warning: Warning (2): Invalid argument supplied for foreach() in [/var/www/cakephp/app/controllers/categories_controller.php, line 66]
2011-05-22 00:11:50 Warning: Warning (2): Invalid argument supplied for foreach() in [/var/www/cakephp/app/views/categories/index.ctp, line 14]
2011-05-22 00:12:47 Warning: Warning (2): Invalid argument supplied for foreach() in [/var/www/cakephp/app/controllers/categories_controller.php, line 68]
2011-05-22 00:12:47 Warning: Warning (2): Invalid argument supplied for foreach() in [/var/www/cakephp/app/views/categories/index.ctp, line 14]
2011-05-22 00:12:57 Warning: Warning (2): Invalid argument supplied for foreach() in [/var/www/cakephp/app/controllers/categories_controller.php, line 68]
2011-05-22 00:12:57 Warning: Warning (2): Invalid argument supplied for foreach() in [/var/www/cakephp/app/views/categories/index.ctp, line 14]
2011-05-22 00:20:26 Warning: Warning (2): Invalid argument supplied for foreach() in [/var/www/cakephp/app/controllers/categories_controller.php, line 68]
2011-05-22 00:20:26 Warning: Warning (2): Invalid argument supplied for foreach() in [/var/www/cakephp/app/views/categories/index.ctp, line 14]
2011-05-22 01:03:11 Warning: Warning (2): Invalid argument supplied for foreach() in [/var/www/cakephp/app/controllers/categories_controller.php, line 68]
2011-05-22 01:03:11 Warning: Warning (2): Invalid argument supplied for foreach() in [/var/www/cakephp/app/views/categories/index.ctp, line 14]
2011-05-22 01:19:26 Warning: Warning (2): Invalid argument supplied for foreach() in [/var/www/cakephp/app/views/walls/index.ctp, line 27]
2011-05-22 01:20:08 Warning: Warning (2): Invalid argument supplied for foreach() in [/var/www/cakephp/app/views/walls/index.ctp, line 27]
2011-05-22 01:20:08 Warning: Warning (2): Invalid argument supplied for foreach() in [/var/www/cakephp/app/views/walls/index.ctp, line 27]
2011-05-22 01:32:50 Warning: Warning (512): <span style="color:Red;text-align:left"><b>SQL Error:</b> 1064: You have an error in your SQL syntax; check the manual that corresponds to your MySQL server version for the right syntax to use near 'getpath' at line 1</span> in [/var/www/cakephp/cake/libs/model/datasources/dbo_source.php, line 684]
2011-05-22 01:32:50 Warning: Warning (2): Invalid argument supplied for foreach() in [/var/www/cakephp/app/models/wall.php, line 146]
2011-05-22 04:33:57 Warning: Warning (2): Invalid argument supplied for foreach() in [/var/www/cakephp/app/controllers/categories_controller.php, line 68]
2011-05-22 04:33:57 Warning: Warning (2): Invalid argument supplied for foreach() in [/var/www/cakephp/app/views/categories/index.ctp, line 14]
2011-05-22 17:01:16 Warning: Warning (2): Invalid argument supplied for foreach() in [/var/www/cakephp/app/controllers/categories_controller.php, line 60]
2011-05-22 17:01:16 Warning: Warning (2): Invalid argument supplied for foreach() in [/var/www/cakephp/app/views/categories/index.ctp, line 14]
2011-05-22 17:03:10 Warning: Warning (2): Invalid argument supplied for foreach() in [/var/www/cakephp/app/controllers/categories_controller.php, line 61]
2011-05-22 17:03:10 Warning: Warning (2): Invalid argument supplied for foreach() in [/var/www/cakephp/app/views/categories/index.ctp, line 14]
2011-05-22 17:03:53 Warning: Warning (2): Invalid argument supplied for foreach() in [/var/www/cakephp/app/controllers/categories_controller.php, line 61]
2011-05-22 17:03:53 Warning: Warning (2): Invalid argument supplied for foreach() in [/var/www/cakephp/app/views/categories/index.ctp, line 14]
2011-05-22 17:05:05 Warning: Warning (2): Invalid argument supplied for foreach() in [/var/www/cakephp/app/controllers/categories_controller.php, line 59]
2011-05-22 17:05:05 Warning: Warning (2): Invalid argument supplied for foreach() in [/var/www/cakephp/app/views/categories/index.ctp, line 14]
2011-05-22 17:05:58 Warning: Warning (2): Invalid argument supplied for foreach() in [/var/www/cakephp/app/controllers/categories_controller.php, line 61]
2011-05-22 17:05:58 Warning: Warning (2): Invalid argument supplied for foreach() in [/var/www/cakephp/app/views/categories/index.ctp, line 14]
2011-05-22 17:09:05 Warning: Warning (512): <span style="color:Red;text-align:left"><b>SQL Error:</b> 1054: Unknown column 'Categoy.lft' in 'order clause'</span> in [/var/www/cakephp/cake/libs/model/datasources/dbo_source.php, line 684]
2011-05-22 17:09:05 Warning: Warning (2): Invalid argument supplied for foreach() in [/var/www/cakephp/cake/libs/model/model.php, line 2334]
2011-05-22 17:09:05 Warning: Warning (2): Invalid argument supplied for foreach() in [/var/www/cakephp/app/controllers/categories_controller.php, line 62]
2011-05-22 17:09:05 Warning: Warning (2): Invalid argument supplied for foreach() in [/var/www/cakephp/app/views/categories/index.ctp, line 14]
2011-05-22 17:11:16 Warning: Warning (2): Invalid argument supplied for foreach() in [/var/www/cakephp/app/controllers/categories_controller.php, line 62]
2011-05-22 17:11:16 Warning: Warning (2): Invalid argument supplied for foreach() in [/var/www/cakephp/app/views/categories/index.ctp, line 14]
2011-05-22 17:43:16 Warning: Warning (2): Invalid argument supplied for foreach() in [/var/www/cakephp/app/views/categories/browse.ctp, line 16]
2011-05-23 02:13:14 Warning: Warning (2): Invalid argument supplied for foreach() in [/var/www/cakephp/app/views/helpers/nest.php, line 48]
2011-05-23 02:13:57 Warning: Warning (2): Invalid argument supplied for foreach() in [/var/www/cakephp/app/views/helpers/nest.php, line 48]
2011-05-23 02:14:00 Warning: Warning (2): Invalid argument supplied for foreach() in [/var/www/cakephp/app/views/helpers/nest.php, line 48]
2011-05-23 02:14:01 Warning: Warning (2): Invalid argument supplied for foreach() in [/var/www/cakephp/app/views/helpers/nest.php, line 48]
2011-05-23 02:18:46 Warning: Warning (2): Invalid argument supplied for foreach() in [/var/www/cakephp/app/views/helpers/nest.php, line 48]
2011-05-23 02:19:29 Warning: Warning (2): Invalid argument supplied for foreach() in [/var/www/cakephp/app/views/helpers/nest.php, line 50]
2011-05-23 02:20:24 Warning: Warning (2): Invalid argument supplied for foreach() in [/var/www/cakephp/app/views/helpers/nest.php, line 50]
2011-05-23 02:20:26 Warning: Warning (2): Invalid argument supplied for foreach() in [/var/www/cakephp/app/views/helpers/nest.php, line 50]
2011-05-23 23:09:56 Warning: Warning (512): <span style="color:Red;text-align:left"><b>SQL Error:</b> 1064: You have an error in your SQL syntax; check the manual that corresponds to your MySQL server version for the right syntax to use near 'getpath' at line 1</span> in [/var/www/cakephp/cake/libs/model/datasources/dbo_source.php, line 684]
2011-05-23 23:09:56 Warning: Warning (2): Invalid argument supplied for foreach() in [/var/www/cakephp/app/app_model.php, line 125]
2011-05-23 23:22:43 Warning: Warning (512): <span style="color:Red;text-align:left"><b>SQL Error:</b> 1054: Unknown column 'Wall.lft' in 'field list'</span> in [/var/www/cakephp/cake/libs/model/datasources/dbo_source.php, line 684]
2011-05-23 23:22:43 Warning: Warning (2): Invalid argument supplied for foreach() in [/var/www/cakephp/app/app_model.php, line 126]
2011-05-23 23:23:42 Warning: Warning (512): <span style="color:Red;text-align:left"><b>SQL Error:</b> 1054: Unknown column 'Wall.lft' in 'field list'</span> in [/var/www/cakephp/cake/libs/model/datasources/dbo_source.php, line 684]
2011-05-23 23:23:42 Warning: Warning (2): Invalid argument supplied for foreach() in [/var/www/cakephp/app/app_model.php, line 126]
2011-05-24 23:58:34 Warning: Warning (512): <span style="color:Red;text-align:left"><b>SQL Error:</b> 1054: Unknown column 'Wall.rght' in 'field list'</span> in [/var/www/cakephp/cake/libs/model/datasources/dbo_source.php, line 684]
2011-05-24 23:58:34 Warning: Warning (2): array_values() expects parameter 1 to be array, boolean given in [/var/www/cakephp/cake/libs/model/behaviors/tree.php, line 920]
2011-05-24 23:58:34 Warning: Warning (2): Cannot modify header information - headers already sent by (output started at /var/www/cakephp/cake/libs/debugger.php:673) in [/var/www/cakephp/cake/libs/controller/controller.php, line 742]
2011-05-25 00:03:16 Warning: Warning (512): <span style="color:Red;text-align:left"><b>SQL Error:</b> 1054: Unknown column 'Wall.rght' in 'field list'</span> in [/var/www/cakephp/cake/libs/model/datasources/dbo_source.php, line 684]
2011-05-25 00:03:16 Warning: Warning (2): array_values() expects parameter 1 to be array, boolean given in [/var/www/cakephp/cake/libs/model/behaviors/tree.php, line 920]
2011-05-25 00:03:16 Warning: Warning (2): Cannot modify header information - headers already sent by (output started at /var/www/cakephp/cake/libs/debugger.php:673) in [/var/www/cakephp/cake/libs/controller/controller.php, line 742]
2011-05-25 00:07:06 Warning: Warning (512): <span style="color:Red;text-align:left"><b>SQL Error:</b> 1054: Unknown column 'Wall.rght' in 'field list'</span> in [/var/www/cakephp/cake/libs/model/datasources/dbo_source.php, line 684]
2011-05-25 00:07:06 Warning: Warning (2): array_values() expects parameter 1 to be array, boolean given in [/var/www/cakephp/cake/libs/model/behaviors/tree.php, line 920]
2011-05-25 00:07:06 Warning: Warning (2): Cannot modify header information - headers already sent by (output started at /var/www/cakephp/cake/libs/debugger.php:673) in [/var/www/cakephp/cake/libs/controller/controller.php, line 742]
2011-05-25 00:08:38 Warning: Warning (512): <span style="color:Red;text-align:left"><b>SQL Error:</b> 1054: Unknown column 'Wall.rght' in 'field list'</span> in [/var/www/cakephp/cake/libs/model/datasources/dbo_source.php, line 684]
2011-05-25 00:08:38 Warning: Warning (2): array_values() expects parameter 1 to be array, boolean given in [/var/www/cakephp/cake/libs/model/behaviors/tree.php, line 920]
2011-05-25 00:08:38 Warning: Warning (2): Cannot modify header information - headers already sent by (output started at /var/www/cakephp/cake/libs/debugger.php:673) in [/var/www/cakephp/cake/libs/controller/controller.php, line 742]
2011-05-25 00:10:39 Warning: Warning (512): <span style="color:Red;text-align:left"><b>SQL Error:</b> 1054: Unknown column 'Wall.rght' in 'field list'</span> in [/var/www/cakephp/cake/libs/model/datasources/dbo_source.php, line 684]
2011-05-25 00:10:39 Warning: Warning (2): array_values() expects parameter 1 to be array, boolean given in [/var/www/cakephp/cake/libs/model/behaviors/tree.php, line 920]
2011-05-25 00:10:39 Warning: Warning (2): Cannot modify header information - headers already sent by (output started at /var/www/cakephp/cake/libs/debugger.php:673) in [/var/www/cakephp/cake/libs/controller/controller.php, line 742]
2011-05-25 00:11:18 Warning: Warning (512): <span style="color:Red;text-align:left"><b>SQL Error:</b> 1054: Unknown column 'Wall.rght' in 'field list'</span> in [/var/www/cakephp/cake/libs/model/datasources/dbo_source.php, line 684]
2011-05-25 00:11:18 Warning: Warning (2): array_values() expects parameter 1 to be array, boolean given in [/var/www/cakephp/cake/libs/model/behaviors/tree.php, line 920]
2011-05-25 00:11:18 Warning: Warning (512): <span style="color:Red;text-align:left"><b>SQL Error:</b> 1064: You have an error in your SQL syntax; check the manual that corresponds to your MySQL server version for the right syntax to use near 'findParent' at line 1</span> in [/var/www/cakephp/cake/libs/model/datasources/dbo_source.php, line 684]
2011-05-25 00:11:18 Warning: Warning (2): Cannot modify header information - headers already sent by (output started at /var/www/cakephp/cake/libs/debugger.php:673) in [/var/www/cakephp/cake/libs/controller/controller.php, line 742]
2011-05-25 00:12:10 Warning: Warning (512): <span style="color:Red;text-align:left"><b>SQL Error:</b> 1054: Unknown column 'Wall.rght' in 'field list'</span> in [/var/www/cakephp/cake/libs/model/datasources/dbo_source.php, line 684]
2011-05-25 00:12:10 Warning: Warning (2): array_values() expects parameter 1 to be array, boolean given in [/var/www/cakephp/cake/libs/model/behaviors/tree.php, line 920]
2011-05-25 00:12:10 Warning: Warning (512): <span style="color:Red;text-align:left"><b>SQL Error:</b> 1064: You have an error in your SQL syntax; check the manual that corresponds to your MySQL server version for the right syntax to use near 'findParent' at line 1</span> in [/var/www/cakephp/cake/libs/model/datasources/dbo_source.php, line 684]
2011-05-25 00:12:10 Warning: Warning (2): Cannot modify header information - headers already sent by (output started at /var/www/cakephp/cake/libs/debugger.php:673) in [/var/www/cakephp/cake/libs/controller/controller.php, line 742]
2011-05-25 00:13:21 Warning: Warning (512): <span style="color:Red;text-align:left"><b>SQL Error:</b> 1054: Unknown column 'Wall.rght' in 'field list'</span> in [/var/www/cakephp/cake/libs/model/datasources/dbo_source.php, line 684]
2011-05-25 00:13:21 Warning: Warning (2): array_values() expects parameter 1 to be array, boolean given in [/var/www/cakephp/cake/libs/model/behaviors/tree.php, line 920]
2011-05-25 00:13:21 Warning: Warning (2): Cannot modify header information - headers already sent by (output started at /var/www/cakephp/cake/libs/debugger.php:673) in [/var/www/cakephp/cake/libs/controller/controller.php, line 742]
2011-05-25 00:14:50 Warning: Warning (512): <span style="color:Red;text-align:left"><b>SQL Error:</b> 1054: Unknown column 'Wall.rght' in 'field list'</span> in [/var/www/cakephp/cake/libs/model/datasources/dbo_source.php, line 684]
2011-05-25 00:14:50 Warning: Warning (2): array_values() expects parameter 1 to be array, boolean given in [/var/www/cakephp/cake/libs/model/behaviors/tree.php, line 920]
2011-05-25 00:14:50 Warning: Warning (2): Cannot modify header information - headers already sent by (output started at /var/www/cakephp/cake/libs/debugger.php:673) in [/var/www/cakephp/cake/libs/controller/controller.php, line 742]
2011-05-25 00:19:39 Warning: Warning (512): <span style="color:Red;text-align:left"><b>SQL Error:</b> 1054: Unknown column 'Wall.lft' in 'field list'</span> in [/var/www/cakephp/cake/libs/model/datasources/dbo_source.php, line 684]
2011-05-25 00:19:39 Warning: Warning (2): Invalid argument supplied for foreach() in [/var/www/cakephp/app/app_model.php, line 126]
2011-05-25 00:21:21 Warning: Warning (512): <span style="color:Red;text-align:left"><b>SQL Error:</b> 1054: Unknown column 'Wall.rght' in 'field list'</span> in [/var/www/cakephp/cake/libs/model/datasources/dbo_source.php, line 684]
2011-05-25 00:21:21 Warning: Warning (2): array_values() expects parameter 1 to be array, boolean given in [/var/www/cakephp/cake/libs/model/behaviors/tree.php, line 920]
2011-05-25 00:21:21 Warning: Warning (2): Cannot modify header information - headers already sent by (output started at /var/www/cakephp/cake/libs/debugger.php:673) in [/var/www/cakephp/cake/libs/controller/controller.php, line 742]
2011-05-25 00:24:40 Warning: Warning (512): <span style="color:Red;text-align:left"><b>SQL Error:</b> 1054: Unknown column 'Wall.rght' in 'field list'</span> in [/var/www/cakephp/cake/libs/model/datasources/dbo_source.php, line 684]
2011-05-25 00:24:40 Warning: Warning (2): array_values() expects parameter 1 to be array, boolean given in [/var/www/cakephp/cake/libs/model/behaviors/tree.php, line 920]
2011-05-25 00:24:40 Warning: Warning (2): Cannot modify header information - headers already sent by (output started at /var/www/cakephp/cake/libs/debugger.php:673) in [/var/www/cakephp/cake/libs/controller/controller.php, line 742]
2011-05-25 00:26:57 Warning: Warning (512): <span style="color:Red;text-align:left"><b>SQL Error:</b> 1054: Unknown column 'Wall.rght' in 'field list'</span> in [/var/www/cakephp/cake/libs/model/datasources/dbo_source.php, line 684]
2011-05-25 00:26:57 Warning: Warning (2): array_values() expects parameter 1 to be array, boolean given in [/var/www/cakephp/cake/libs/model/behaviors/tree.php, line 920]
2011-05-25 00:26:57 Warning: Warning (2): Cannot modify header information - headers already sent by (output started at /var/www/cakephp/cake/libs/debugger.php:673) in [/var/www/cakephp/cake/libs/controller/controller.php, line 742]
2011-05-25 00:28:42 Warning: Warning (512): <span style="color:Red;text-align:left"><b>SQL Error:</b> 1054: Unknown column 'Wall.rght' in 'field list'</span> in [/var/www/cakephp/cake/libs/model/datasources/dbo_source.php, line 684]
2011-05-25 00:28:42 Warning: Warning (2): array_values() expects parameter 1 to be array, boolean given in [/var/www/cakephp/cake/libs/model/behaviors/tree.php, line 920]
2011-05-25 00:28:42 Warning: Warning (2): Cannot modify header information - headers already sent by (output started at /var/www/cakephp/cake/libs/debugger.php:673) in [/var/www/cakephp/cake/libs/controller/controller.php, line 742]
2011-05-25 00:35:02 Warning: Warning (512): <span style="color:Red;text-align:left"><b>SQL Error:</b> 1054: Unknown column 'Wall.rght' in 'field list'</span> in [/var/www/cakephp/cake/libs/model/datasources/dbo_source.php, line 684]
2011-05-25 00:35:02 Warning: Warning (2): array_values() expects parameter 1 to be array, boolean given in [/var/www/cakephp/cake/libs/model/behaviors/tree.php, line 920]
2011-05-25 00:35:02 Warning: Warning (2): Cannot modify header information - headers already sent by (output started at /var/www/cakephp/cake/libs/debugger.php:673) in [/var/www/cakephp/cake/libs/controller/controller.php, line 742]
2011-05-25 00:35:53 Warning: Warning (512): <span style="color:Red;text-align:left"><b>SQL Error:</b> 1054: Unknown column 'Wall.rght' in 'field list'</span> in [/var/www/cakephp/cake/libs/model/datasources/dbo_source.php, line 684]
2011-05-25 00:35:53 Warning: Warning (2): array_values() expects parameter 1 to be array, boolean given in [/var/www/cakephp/cake/libs/model/behaviors/tree.php, line 920]
2011-05-25 00:35:53 Warning: Warning (2): Cannot modify header information - headers already sent by (output started at /var/www/cakephp/cake/libs/debugger.php:673) in [/var/www/cakephp/cake/libs/controller/controller.php, line 742]
2011-05-25 00:37:15 Warning: Warning (512): <span style="color:Red;text-align:left"><b>SQL Error:</b> 1054: Unknown column 'Wall.rght' in 'field list'</span> in [/var/www/cakephp/cake/libs/model/datasources/dbo_source.php, line 684]
2011-05-25 00:37:15 Warning: Warning (2): array_values() expects parameter 1 to be array, boolean given in [/var/www/cakephp/cake/libs/model/behaviors/tree.php, line 920]
2011-05-25 00:37:15 Warning: Warning (2): Cannot modify header information - headers already sent by (output started at /var/www/cakephp/cake/libs/debugger.php:673) in [/var/www/cakephp/cake/libs/controller/controller.php, line 742]
2011-05-25 00:38:15 Warning: Warning (512): <span style="color:Red;text-align:left"><b>SQL Error:</b> 1054: Unknown column 'Wall.rght' in 'field list'</span> in [/var/www/cakephp/cake/libs/model/datasources/dbo_source.php, line 684]
2011-05-25 00:38:15 Warning: Warning (2): array_values() expects parameter 1 to be array, boolean given in [/var/www/cakephp/cake/libs/model/behaviors/tree.php, line 920]
2011-05-25 00:38:15 Warning: Warning (2): Cannot modify header information - headers already sent by (output started at /var/www/cakephp/cake/libs/debugger.php:673) in [/var/www/cakephp/cake/libs/controller/controller.php, line 742]
2011-05-25 00:39:42 Warning: Warning (512): <span style="color:Red;text-align:left"><b>SQL Error:</b> 1054: Unknown column 'Wall.rght' in 'field list'</span> in [/var/www/cakephp/cake/libs/model/datasources/dbo_source.php, line 684]
2011-05-25 00:39:42 Warning: Warning (2): array_values() expects parameter 1 to be array, boolean given in [/var/www/cakephp/cake/libs/model/behaviors/tree.php, line 920]
2011-05-25 00:39:42 Warning: Warning (2): Cannot modify header information - headers already sent by (output started at /var/www/cakephp/cake/libs/debugger.php:673) in [/var/www/cakephp/cake/libs/controller/controller.php, line 742]
2011-05-25 00:44:49 Warning: Warning (512): <span style="color:Red;text-align:left"><b>SQL Error:</b> 1054: Unknown column 'Wall.rght' in 'field list'</span> in [/var/www/cakephp/cake/libs/model/datasources/dbo_source.php, line 684]
2011-05-25 00:44:49 Warning: Warning (2): array_values() expects parameter 1 to be array, boolean given in [/var/www/cakephp/cake/libs/model/behaviors/tree.php, line 920]
2011-05-25 00:44:49 Warning: Warning (2): Cannot modify header information - headers already sent by (output started at /var/www/cakephp/cake/libs/debugger.php:673) in [/var/www/cakephp/cake/libs/controller/controller.php, line 742]
2011-05-25 00:47:20 Warning: Warning (512): <span style="color:Red;text-align:left"><b>SQL Error:</b> 1064: You have an error in your SQL syntax; check the manual that corresponds to your MySQL server version for the right syntax to use near 'validate' at line 1</span> in [/var/www/cakephp/cake/libs/model/datasources/dbo_source.php, line 684]
2011-05-25 00:47:20 Warning: Warning (512): <span style="color:Red;text-align:left"><b>SQL Error:</b> 1054: Unknown column 'Wall.rght' in 'field list'</span> in [/var/www/cakephp/cake/libs/model/datasources/dbo_source.php, line 684]
2011-05-25 00:47:20 Warning: Warning (2): array_values() expects parameter 1 to be array, boolean given in [/var/www/cakephp/cake/libs/model/behaviors/tree.php, line 920]
2011-05-25 00:47:20 Warning: Warning (2): Cannot modify header information - headers already sent by (output started at /var/www/cakephp/cake/libs/debugger.php:673) in [/var/www/cakephp/cake/libs/controller/controller.php, line 742]
2011-05-26 23:46:51 Warning: Warning (512): <span style="color:Red;text-align:left"><b>SQL Error:</b> 1054: Unknown column 'Wall.rght' in 'field list'</span> in [/var/www/cakephp/cake/libs/model/datasources/dbo_source.php, line 684]
2011-05-26 23:46:51 Warning: Warning (2): array_values() expects parameter 1 to be array, boolean given in [/var/www/cakephp/cake/libs/model/behaviors/tree.php, line 920]
2011-05-26 23:46:51 Warning: Warning (2): Cannot modify header information - headers already sent by (output started at /var/www/cakephp/cake/libs/debugger.php:673) in [/var/www/cakephp/cake/libs/controller/controller.php, line 742]
2011-05-26 23:49:53 Warning: Warning (512): <span style="color:Red;text-align:left"><b>SQL Error:</b> 1054: Unknown column 'Wall.rght' in 'field list'</span> in [/var/www/cakephp/cake/libs/model/datasources/dbo_source.php, line 684]
2011-05-26 23:49:53 Warning: Warning (2): array_values() expects parameter 1 to be array, boolean given in [/var/www/cakephp/cake/libs/model/behaviors/tree.php, line 920]
2011-05-26 23:49:54 Warning: Warning (2): Cannot modify header information - headers already sent by (output started at /var/www/cakephp/cake/libs/debugger.php:673) in [/var/www/cakephp/cake/libs/controller/controller.php, line 742]
2011-05-27 00:38:42 Warning: Warning (512): <span style="color:Red;text-align:left"><b>SQL Error:</b> 1054: Unknown column 'Wall.rght' in 'field list'</span> in [/var/www/cakephp/cake/libs/model/datasources/dbo_source.php, line 684]
2011-05-27 00:38:42 Warning: Warning (2): array_values() expects parameter 1 to be array, boolean given in [/var/www/cakephp/cake/libs/model/behaviors/tree.php, line 920]
2011-05-27 00:38:43 Warning: Warning (2): Cannot modify header information - headers already sent by (output started at /var/www/cakephp/cake/libs/debugger.php:673) in [/var/www/cakephp/cake/libs/controller/controller.php, line 742]
2011-05-27 00:41:59 Warning: Warning (512): <span style="color:Red;text-align:left"><b>SQL Error:</b> 1054: Unknown column 'Wall.rght' in 'field list'</span> in [/var/www/cakephp/cake/libs/model/datasources/dbo_source.php, line 684]
2011-05-27 00:41:59 Warning: Warning (2): array_values() expects parameter 1 to be array, boolean given in [/var/www/cakephp/cake/libs/model/behaviors/tree.php, line 920]
2011-05-27 00:41:59 Warning: Warning (2): Cannot modify header information - headers already sent by (output started at /var/www/cakephp/cake/libs/debugger.php:673) in [/var/www/cakephp/cake/libs/controller/controller.php, line 742]
2011-05-27 00:43:28 Warning: Warning (512): <span style="color:Red;text-align:left"><b>SQL Error:</b> 1054: Unknown column 'Wall.rght' in 'field list'</span> in [/var/www/cakephp/cake/libs/model/datasources/dbo_source.php, line 684]
2011-05-27 00:43:28 Warning: Warning (2): array_values() expects parameter 1 to be array, boolean given in [/var/www/cakephp/cake/libs/model/behaviors/tree.php, line 920]
2011-05-27 00:43:28 Warning: Warning (2): Cannot modify header information - headers already sent by (output started at /var/www/cakephp/cake/libs/debugger.php:673) in [/var/www/cakephp/cake/libs/controller/controller.php, line 742]
2011-05-27 00:50:42 Warning: Warning (2): Cannot modify header information - headers already sent by (output started at /var/www/cakephp/cake/basics.php:119) in [/var/www/cakephp/cake/libs/controller/controller.php, line 742]
2011-05-27 12:05:38 Warning: Warning (512): <span style="color:Red;text-align:left"><b>SQL Error:</b> 1064: You have an error in your SQL syntax; check the manual that corresponds to your MySQL server version for the right syntax to use near 'findParent' at line 1</span> in [/var/www/cakephp/cake/libs/model/datasources/dbo_source.php, line 684]
2011-05-27 12:05:38 Warning: Warning (2): Cannot modify header information - headers already sent by (output started at /var/www/cakephp/cake/libs/debugger.php:673) in [/var/www/cakephp/cake/libs/controller/controller.php, line 742]
2011-05-27 13:50:00 Warning: Warning (512): <span style="color:Red;text-align:left"><b>SQL Error:</b> 1064: You have an error in your SQL syntax; check the manual that corresponds to your MySQL server version for the right syntax to use near 'findParent' at line 1</span> in [/var/www/cakephp/cake/libs/model/datasources/dbo_source.php, line 684]
2011-05-27 13:50:00 Warning: Warning (2): Cannot modify header information - headers already sent by (output started at /var/www/cakephp/cake/libs/debugger.php:673) in [/var/www/cakephp/cake/libs/controller/controller.php, line 742]
2011-05-27 13:51:16 Warning: Warning (512): <span style="color:Red;text-align:left"><b>SQL Error:</b> 1064: You have an error in your SQL syntax; check the manual that corresponds to your MySQL server version for the right syntax to use near 'findParent' at line 1</span> in [/var/www/cakephp/cake/libs/model/datasources/dbo_source.php, line 684]
2011-05-27 13:51:16 Warning: Warning (2): Cannot modify header information - headers already sent by (output started at /var/www/cakephp/cake/libs/debugger.php:673) in [/var/www/cakephp/cake/libs/controller/controller.php, line 742]
2011-05-27 13:53:02 Warning: Warning (512): <span style="color:Red;text-align:left"><b>SQL Error:</b> 1064: You have an error in your SQL syntax; check the manual that corresponds to your MySQL server version for the right syntax to use near 'findParent' at line 1</span> in [/var/www/cakephp/cake/libs/model/datasources/dbo_source.php, line 684]
2011-05-27 13:53:02 Warning: Warning (2): Cannot modify header information - headers already sent by (output started at /var/www/cakephp/cake/basics.php:119) in [/var/www/cakephp/cake/libs/controller/controller.php, line 742]
2011-05-27 17:48:12 Warning: Warning (512): <span style="color:Red;text-align:left"><b>SQL Error:</b> 1064: You have an error in your SQL syntax; check the manual that corresponds to your MySQL server version for the right syntax to use near 'getchildren' at line 1</span> in [/var/www/cakephp/cake/libs/model/datasources/dbo_source.php, line 684]
2011-05-27 22:19:43 Warning: Warning (512): <span style="color:Red;text-align:left"><b>SQL Error:</b> 1451: Cannot delete or update a parent row: a foreign key constraint fails (`WebWall`.`walls`, CONSTRAINT `fk_category` FOREIGN KEY (`category_id`) REFERENCES `categories` (`id`))</span> in [/var/www/cakephp/cake/libs/model/datasources/dbo_source.php, line 684]
2011-05-28 18:13:06 Warning: Warning (2): Cannot modify header information - headers already sent by (output started at /var/www/cakephp/cake/libs/debugger.php:673) in [/var/www/cakephp/cake/libs/controller/controller.php, line 742]
2011-05-28 18:16:47 Warning: Warning (512): <span style="color:Red;text-align:left"><b>SQL Error:</b> 1062: Duplicate entry '' for key 'name'</span> in [/var/www/cakephp/cake/libs/model/datasources/dbo_source.php, line 684]
2011-05-28 18:16:47 Warning: Warning (2): Cannot modify header information - headers already sent by (output started at /var/www/cakephp/cake/libs/debugger.php:673) in [/var/www/cakephp/cake/libs/controller/controller.php, line 742]
2011-05-28 21:36:10 Warning: Warning (2): Cannot modify header information - headers already sent by (output started at /var/www/cakephp/cake/basics.php:119) in [/var/www/cakephp/cake/libs/controller/controller.php, line 742]
2011-06-01 03:01:49 Warning: Warning (512): <span style="color:Red;text-align:left"><b>SQL Error:</b> 1064: You have an error in your SQL syntax; check the manual that corresponds to your MySQL server version for the right syntax to use near 'generatetreelist' at line 1</span> in [/var/www/cakephp/cake/libs/model/datasources/dbo_source.php, line 684]
2011-06-01 03:01:49 Warning: Warning (2): array_unshift() expects parameter 1 to be array, boolean given in [/var/www/cakephp/app/controllers/walls_controller.php, line 53]
2011-06-08 00:11:51 Warning: Warning (2): Invalid argument supplied for foreach() in [/var/www/cakephp/app/views/pages/home.ctp, line 22]
2011-06-08 13:46:28 Warning: Warning (2): call_user_func() expects parameter 1 to be a valid callback, function 'imagecreatefromjpeg' not found or invalid function name in [/var/www/cakephp/app/views/helpers/thumb.php, line 64]
2011-06-08 13:48:01 Warning: Warning (2): call_user_func() expects parameter 1 to be a valid callback, function 'imagecreatefromjpeg' not found or invalid function name in [/var/www/cakephp/app/views/helpers/thumb.php, line 64]
2011-06-08 13:51:41 Warning: Warning (2): call_user_func() expects parameter 1 to be a valid callback, function 'imagecreatefromjpeg' not found or invalid function name in [/var/www/cakephp/app/views/helpers/thumb.php, line 64]
2011-06-08 13:51:48 Warning: Warning (2): call_user_func() expects parameter 1 to be a valid callback, function 'imagecreatefromjpeg' not found or invalid function name in [/var/www/cakephp/app/views/helpers/thumb.php, line 64]
2011-06-08 14:01:37 Warning: Warning (2): imagejpeg() [http://php.net/function.imagejpeg]: Unable to open '/var/www/cakephp/app/webroot/img/thumbs/150x120_4dd4a169-30ac-46b8-ba23-3a28cd74f641' for writing: No such file or directory in [/var/www/cakephp/app/views/helpers/thumb.php, line 72]
2011-06-08 14:01:37 Warning: Warning (512): Method HtmlHelper::parseHtmlOptions does not exist in [/var/www/cakephp/cake/libs/view/helper.php, line 154]
2011-06-08 14:03:09 Warning: Warning (2): imagejpeg() [http://php.net/function.imagejpeg]: Unable to open '/var/www/cakephp/app/webroot/img/thumbs/150x120_4dd4a169-30ac-46b8-ba23-3a28cd74f641' for writing: No such file or directory in [/var/www/cakephp/app/views/helpers/thumb.php, line 72]
2011-06-08 14:03:09 Warning: Warning (512): Method HtmlHelper::parseHtmlOptions does not exist in [/var/www/cakephp/cake/libs/view/helper.php, line 154]
2011-06-08 14:03:12 Warning: Warning (2): imagejpeg() [http://php.net/function.imagejpeg]: Unable to open '/var/www/cakephp/app/webroot/img/thumbs/150x120_4dd4a169-30ac-46b8-ba23-3a28cd74f641' for writing: No such file or directory in [/var/www/cakephp/app/views/helpers/thumb.php, line 72]
2011-06-08 14:03:12 Warning: Warning (512): Method HtmlHelper::parseHtmlOptions does not exist in [/var/www/cakephp/cake/libs/view/helper.php, line 154]
2011-06-08 14:03:15 Warning: Warning (2): imagejpeg() [http://php.net/function.imagejpeg]: Unable to open '/var/www/cakephp/app/webroot/img/thumbs/150x120_4dd4a169-30ac-46b8-ba23-3a28cd74f641' for writing: No such file or directory in [/var/www/cakephp/app/views/helpers/thumb.php, line 72]
2011-06-08 14:03:15 Warning: Warning (512): Method HtmlHelper::parseHtmlOptions does not exist in [/var/www/cakephp/cake/libs/view/helper.php, line 154]
2011-06-08 14:03:24 Warning: Warning (2): imagejpeg() [http://php.net/function.imagejpeg]: Unable to open '/var/www/cakephp/app/webroot/img/upload/thumbs/150x120_4dd4a169-30ac-46b8-ba23-3a28cd74f641' for writing: Permission denied in [/var/www/cakephp/app/views/helpers/thumb.php, line 72]
2011-06-08 14:03:24 Warning: Warning (512): Method HtmlHelper::parseHtmlOptions does not exist in [/var/www/cakephp/cake/libs/view/helper.php, line 154]
2011-06-08 14:04:30 Warning: Warning (512): Method HtmlHelper::parseHtmlOptions does not exist in [/var/www/cakephp/cake/libs/view/helper.php, line 154]
2011-06-08 14:05:02 Warning: Warning (512): Method HtmlHelper::parseHtmlOptions does not exist in [/var/www/cakephp/cake/libs/view/helper.php, line 154]
2011-06-11 12:56:40 Warning: Warning (512): <span style="color:Red;text-align:left"><b>SQL Error:</b> 1054: Unknown column 'Category.parent' in 'field list'</span> in [/var/www/cakephp/cake/libs/model/datasources/dbo_source.php, line 684]
2011-06-11 21:25:01 Warning: Warning (2): Invalid argument supplied for foreach() in [/var/www/cakephp/app/app_model.php, line 125]
2011-06-11 21:26:00 Warning: Warning (2): Invalid argument supplied for foreach() in [/var/www/cakephp/app/app_model.php, line 125]
2011-06-11 21:26:40 Warning: Warning (2): Invalid argument supplied for foreach() in [/var/www/cakephp/app/app_model.php, line 116]
2011-06-11 21:26:43 Warning: Warning (2): Invalid argument supplied for foreach() in [/var/www/cakephp/app/app_model.php, line 125]
2011-06-11 21:34:19 Warning: Warning (2): Invalid argument supplied for foreach() in [/var/www/cakephp/app/app_model.php, line 125]
2011-06-11 21:35:30 Warning: Warning (2): Invalid argument supplied for foreach() in [/var/www/cakephp/app/app_model.php, line 125]
2011-09-23 01:59:09 Warning: Warning (2): Missing argument 1 for WallsController::show() in [/var/www/cakephp/app/controllers/walls_controller.php, line 107]
2012-11-16 16:01:12 Warning: Warning (2): mysql_connect() [<a href='http://php.net/function.mysql-connect'>function.mysql-connect</a>]: Can't connect to local MySQL server through socket '/var/run/mysqld/mysqld.sock' (2) in [/home/maxmahem/cake/libs/model/datasources/dbo/dbo_mysql.php, line 552]
2012-11-16 16:01:12 Warning: Warning (2): mysql_select_db(): supplied argument is not a valid MySQL-Link resource in [/home/maxmahem/cake/libs/model/datasources/dbo/dbo_mysql.php, line 558]
2012-11-16 16:01:12 Warning: Warning (2): mysql_get_server_info(): supplied argument is not a valid MySQL-Link resource in [/home/maxmahem/cake/libs/model/datasources/dbo/dbo_mysql.php, line 566]
2012-11-16 16:01:12 Warning: Warning (2): mysql_query(): supplied argument is not a valid MySQL-Link resource in [/home/maxmahem/cake/libs/model/datasources/dbo/dbo_mysql.php, line 600]
2012-11-16 16:01:12 Warning: Warning (2): Cannot modify header information - headers already sent by (output started at /home/maxmahem/cake/libs/debugger.php:673) in [/home/maxmahem/cake/libs/controller/controller.php, line 742]
2012-11-16 16:04:48 Warning: Warning (2): mysql_connect() [<a href='http://php.net/function.mysql-connect'>function.mysql-connect</a>]: Can't connect to local MySQL server through socket '/var/run/mysqld/mysqld.sock' (2) in [/home/maxmahem/cake/libs/model/datasources/dbo/dbo_mysql.php, line 552]
2012-11-16 16:04:48 Warning: Warning (2): mysql_select_db(): supplied argument is not a valid MySQL-Link resource in [/home/maxmahem/cake/libs/model/datasources/dbo/dbo_mysql.php, line 558]
2012-11-16 16:04:48 Warning: Warning (2): mysql_get_server_info(): supplied argument is not a valid MySQL-Link resource in [/home/maxmahem/cake/libs/model/datasources/dbo/dbo_mysql.php, line 566]
2012-11-16 16:04:48 Warning: Warning (2): mysql_query(): supplied argument is not a valid MySQL-Link resource in [/home/maxmahem/cake/libs/model/datasources/dbo/dbo_mysql.php, line 600]
2012-11-16 16:04:48 Warning: Warning (2): Cannot modify header information - headers already sent by (output started at /home/maxmahem/cake/libs/debugger.php:673) in [/home/maxmahem/cake/libs/controller/controller.php, line 742]
2012-11-16 16:32:17 Warning: Warning (2): getimagesize(/home/maxmahem/webwalls/webwalls/img/upload/50a6d5fe-7a68-4c45-8758-7b9045a3e0b8) [<a href='http://php.net/function.getimagesize'>function.getimagesize</a>]: failed to open stream: No such file or directory in [/home/maxmahem/webwalls/views/helpers/thumb.php, line 27]
2012-11-16 16:50:21 Warning: Warning (2): getimagesize(webwalls/img/upload/50a6d5fe-7a68-4c45-8758-7b9045a3e0b8) [<a href='http://php.net/function.getimagesize'>function.getimagesize</a>]: failed to open stream: No such file or directory in [/home/maxmahem/webwalls/views/helpers/thumb.php, line 27]
2012-11-16 16:52:55 Warning: Warning (2): getimagesize(/webwalls//img/upload/50a6d5fe-7a68-4c45-8758-7b9045a3e0b8) [<a href='http://php.net/function.getimagesize'>function.getimagesize</a>]: failed to open stream: No such file or directory in [/home/maxmahem/webwalls/views/helpers/thumb.php, line 27]
2012-11-16 16:53:12 Warning: Warning (2): getimagesize(/webwalls/img/upload/50a6d5fe-7a68-4c45-8758-7b9045a3e0b8) [<a href='http://php.net/function.getimagesize'>function.getimagesize</a>]: failed to open stream: No such file or directory in [/home/maxmahem/webwalls/views/helpers/thumb.php, line 27]
